2026-04-05 04:40:00,011 - INFO - 搜索空间: {'H': {'type': 'int', 'low': 3, 'high': 7, 'step': 1}, 'pop_size': {'type': 'int', 'low': 15, 'high': 35, 'step': 2}, 'max_iter': {'type': 'int', 'low': 15, 'high': 35, 'step': 2}, 'w_start': {'type': 'float', 'low': 0.7, 'high': 0.95}, 'w_end': {'type': 'float', 'low': 0.1, 'high': 0.45}, 'c1': {'type': 'float', 'low': 1.0, 'high': 2.2}, 'c2': {'type': 'float', 'low': 0.8, 'high': 2.0}, 'penalty_coef': {'type': 'float', 'low': 500, 'high': 3000}}
2026-04-05 04:40:00,192 - INFO - 开始优化 K=4 - 试验次数: 50
2026-04-05 04:40:00,262 - INFO - [K=4] Trial 0: 测试参数 {'H': 4, 'pop_size': 35, 'max_iter': 31, 'w_start': 0.8496646210492591, 'w_end': 0.1546065241548528, 'c1': 1.1871934244034432, 'c2': 0.8697003346018394, 'penalty_coef': 2665.440364437338}
2026-04-05 04:43:15,367 - INFO - [K=4] Trial 0: 时间=15.23h, 10h率=46.0%, 40h率=94.0%, 耗时=195.0s
2026-04-05 04:43:15,367 - INFO - [K=4] 新的最佳值: 15.23h
2026-04-05 04:43:15,442 - INFO - [K=4] Trial 1: 测试参数 {'H': 6, 'pop_size': 29, 'max_iter': 15, 'w_start': 0.9424774630404985, 'w_end': 0.3913549242801476, 'c1': 1.2548069328139313, 'c2': 1.0181899606485207, 'penalty_coef': 958.5112746335845}
2026-04-05 04:44:42,907 - INFO - [K=4] Trial 1: 时间=14.25h, 10h率=34.0%, 40h率=98.0%, 耗时=87.4s
2026-04-05 04:44:42,907 - INFO - [K=4] 新的最佳值: 14.25h
2026-04-05 04:44:42,962 - INFO - [K=4] Trial 2: 测试参数 {'H': 4, 'pop_size': 25, 'max_iter': 23, 'w_start': 0.7728072850495105, 'w_end': 0.3141485131528328, 'c1': 1.1673926327824502, 'c2': 1.1505735782422617, 'penalty_coef': 1415.9046082342293}
2026-04-05 04:46:07,807 - INFO - [K=4] Trial 2: 时间=13.26h, 10h率=48.0%, 40h率=98.0%, 耗时=84.8s
2026-04-05 04:46:07,807 - INFO - [K=4] 新的最佳值: 13.26h
2026-04-05 04:46:07,872 - INFO - [K=4] Trial 3: 测试参数 {'H': 5, 'pop_size': 31, 'max_iter': 19, 'w_start': 0.8285586096034029, 'w_end': 0.30734509910171487, 'c1': 1.0557404952639973, 'c2': 1.529053822281726, 'penalty_coef': 926.3103092182289}
2026-04-05 04:47:21,841 - INFO - [K=4] Trial 3: 时间=11.53h, 10h率=46.0%, 40h率=98.0%, 耗时=73.9s
2026-04-05 04:47:21,842 - INFO - [K=4] 新的最佳值: 11.53h
2026-04-05 04:47:21,893 - INFO - [K=4] Trial 4: 测试参数 {'H': 3, 'pop_size': 35, 'max_iter': 35, 'w_start': 0.9020993370291153, 'w_end': 0.20661481921067976, 'c1': 1.1172065368076607, 'c2': 1.6210796318145881, 'penalty_coef': 1600.3812343490033}
2026-04-05 04:50:19,191 - INFO - [K=4] Trial 4: 时间=12.77h, 10h率=54.0%, 40h率=98.0%, 耗时=177.3s
2026-04-05 04:50:19,251 - INFO - [K=4] Trial 5: 测试参数 {'H': 3, 'pop_size': 25, 'max_iter': 15, 'w_start': 0.9273301005196954, 'w_end': 0.19057299356000593, 'c1': 1.7950267412247785, 'c2': 1.1740532913072932, 'penalty_coef': 1800.170052944527}
2026-04-05 04:51:27,245 - INFO - [K=4] Trial 5: 时间=13.43h, 10h率=44.0%, 40h率=96.0%, 耗时=68.0s
2026-04-05 04:51:27,301 - INFO - [K=4] Trial 6: 测试参数 {'H': 5, 'pop_size': 19, 'max_iter': 35, 'w_start': 0.8937832058402786, 'w_end': 0.42882462954746614, 'c1': 2.073792820513179, 'c2': 1.5174799745733023, 'penalty_coef': 2804.685587557792}
2026-04-05 04:53:20,446 - INFO - [K=4] Trial 6: 时间=13.93h, 10h率=38.0%, 40h率=100.0%, 耗时=113.1s
2026-04-05 04:53:20,496 - INFO - [K=4] Trial 7: 测试参数 {'H': 3, 'pop_size': 19, 'max_iter': 15, 'w_start': 0.7813325826908161, 'w_end': 0.2360370513913187, 'c1': 1.325618838128675, 'c2': 1.7944850109823152, 'penalty_coef': 1391.883316733973}
2026-04-05 04:54:09,067 - INFO - [K=4] Trial 7: 时间=11.93h, 10h率=50.0%, 40h率=100.0%, 耗时=48.5s
2026-04-05 04:54:09,119 - INFO - [K=4] Trial 8: 测试参数 {'H': 4, 'pop_size': 25, 'max_iter': 17, 'w_start': 0.9005492451885099, 'w_end': 0.1260927252879198, 'c1': 2.1842643239206208, 'c2': 1.726693723155989, 'penalty_coef': 996.789203835431}
2026-04-05 04:55:25,917 - INFO - [K=4] Trial 8: 时间=14.50h, 10h率=48.0%, 40h率=90.0%, 耗时=76.8s
2026-04-05 04:55:25,973 - INFO - [K=4] Trial 9: 测试参数 {'H': 3, 'pop_size': 31, 'max_iter': 29, 'w_start': 0.8822517920102468, 'w_end': 0.369944621340081, 'c1': 1.0888535820809084, 'c2': 1.230158874253127, 'penalty_coef': 789.6726488128243}
2026-04-05 04:57:29,095 - INFO - [K=4] Trial 9: 时间=13.30h, 10h率=46.0%, 40h率=96.0%, 耗时=123.1s
2026-04-05 04:57:29,162 - INFO - [K=4] Trial 10: 测试参数 {'H': 7, 'pop_size': 15, 'max_iter': 21, 'w_start': 0.7044904689037049, 'w_end': 0.2979645817384911, 'c1': 1.5121754744599771, 'c2': 1.9517248951345039, 'penalty_coef': 529.6314890291135}
2026-04-05 04:58:36,758 - INFO - [K=4] Trial 10: 时间=14.99h, 10h率=40.0%, 40h率=96.0%, 耗时=67.6s
2026-04-05 04:58:36,825 - INFO - [K=4] Trial 11: 测试参数 {'H': 6, 'pop_size': 19, 'max_iter': 19, 'w_start': 0.7890228058337484, 'w_end': 0.2425292336032553, 'c1': 1.4246738350863026, 'c2': 1.8495546605908595, 'penalty_coef': 2131.930980979843}
2026-04-05 04:59:37,272 - INFO - [K=4] Trial 11: 时间=14.62h, 10h率=44.0%, 40h率=96.0%, 耗时=60.4s
2026-04-05 04:59:37,337 - INFO - [K=4] Trial 12: 测试参数 {'H': 5, 'pop_size': 21, 'max_iter': 25, 'w_start': 0.7996726292855623, 'w_end': 0.2606026050980096, 'c1': 1.3566152015396529, 'c2': 1.4511459626848657, 'penalty_coef': 1206.4350023369943}
2026-04-05 05:01:14,157 - INFO - [K=4] Trial 12: 时间=14.45h, 10h率=42.0%, 40h率=100.0%, 耗时=96.8s
2026-04-05 05:01:14,215 - INFO - [K=4] Trial 13: 测试参数 {'H': 5, 'pop_size': 29, 'max_iter': 19, 'w_start': 0.744188035405025, 'w_end': 0.33551351177697764, 'c1': 1.00216659757738, 'c2': 1.7341316748643956, 'penalty_coef': 1950.081799684632}
2026-04-05 05:02:24,919 - INFO - [K=4] Trial 13: 时间=11.95h, 10h率=54.0%, 40h率=98.0%, 耗时=70.7s
2026-04-05 05:02:24,974 - INFO - [K=4] Trial 14: 测试参数 {'H': 7, 'pop_size': 21, 'max_iter': 19, 'w_start': 0.8337592522107564, 'w_end': 0.23248965875817318, 'c1': 1.5735626016889737, 'c2': 1.3494084880200659, 'penalty_coef': 1291.6213599603084}
2026-04-05 05:03:46,525 - INFO - [K=4] Trial 14: 时间=16.45h, 10h率=40.0%, 40h率=94.0%, 耗时=81.5s
2026-04-05 05:03:46,593 - INFO - [K=4] Trial 15: 测试参数 {'H': 6, 'pop_size': 15, 'max_iter': 15, 'w_start': 0.7446032683535821, 'w_end': 0.27305567523515767, 'c1': 1.7202724605116948, 'c2': 1.9893123842990477, 'penalty_coef': 508.14877608687317}
2026-04-05 05:04:39,163 - INFO - [K=4] Trial 15: 时间=14.55h, 10h率=30.0%, 40h率=96.0%, 耗时=52.5s
2026-04-05 05:04:39,239 - INFO - [K=4] Trial 16: 测试参数 {'H': 4, 'pop_size': 31, 'max_iter': 23, 'w_start': 0.8566480512639785, 'w_end': 0.3537826947291112, 'c1': 1.3279248258803662, 'c2': 1.6040035259833476, 'penalty_coef': 2098.671165677194}
2026-04-05 05:06:13,509 - INFO - [K=4] Trial 16: 时间=11.86h, 10h率=46.0%, 40h率=100.0%, 耗时=94.2s
2026-04-05 05:06:13,593 - INFO - [K=4] Trial 17: 测试参数 {'H': 4, 'pop_size': 31, 'max_iter': 25, 'w_start': 0.8636869965773003, 'w_end': 0.35700876494982475, 'c1': 1.7292151221340053, 'c2': 1.5957541100719999, 'penalty_coef': 2348.6961884566617}
2026-04-05 05:08:16,746 - INFO - [K=4] Trial 17: 时间=12.65h, 10h率=42.0%, 40h率=98.0%, 耗时=123.1s
2026-04-05 05:08:16,829 - INFO - [K=4] Trial 18: 测试参数 {'H': 5, 'pop_size': 33, 'max_iter': 29, 'w_start': 0.8173956738778491, 'w_end': 0.4490303446317545, 'c1': 1.485576874381163, 'c2': 1.379725465578972, 'penalty_coef': 2349.894560820495}
2026-04-05 05:10:57,678 - INFO - [K=4] Trial 18: 时间=15.71h, 10h率=38.0%, 40h率=94.0%, 耗时=160.8s
2026-04-05 05:10:57,733 - INFO - [K=4] Trial 19: 测试参数 {'H': 4, 'pop_size': 29, 'max_iter': 23, 'w_start': 0.8260022802071543, 'w_end': 0.3918631142369668, 'c1': 1.0242475509769273, 'c2': 1.6019673242036145, 'penalty_coef': 1670.0623243785335}
2026-04-05 05:12:45,073 - INFO - [K=4] Trial 19: 时间=14.52h, 10h率=32.0%, 40h率=100.0%, 耗时=107.3s
2026-04-05 05:12:45,134 - INFO - [K=4] Trial 20: 测试参数 {'H': 6, 'pop_size': 27, 'max_iter': 25, 'w_start': 0.8657243120697928, 'w_end': 0.306703622430066, 'c1': 1.2755797955005852, 'c2': 1.309409638441117, 'penalty_coef': 2461.563197485785}
2026-04-05 05:14:42,541 - INFO - [K=4] Trial 20: 时间=14.32h, 10h率=40.0%, 40h率=98.0%, 耗时=117.3s
2026-04-05 05:14:42,624 - INFO - [K=4] Trial 21: 测试参数 {'H': 3, 'pop_size': 33, 'max_iter': 21, 'w_start': 0.802381292885801, 'w_end': 0.2881487829091833, 'c1': 1.3469478149913658, 'c2': 1.782734112072606, 'penalty_coef': 1494.1265788263963}
2026-04-05 05:16:36,704 - INFO - [K=4] Trial 21: 时间=13.41h, 10h率=52.0%, 40h率=98.0%, 耗时=114.0s
2026-04-05 05:16:36,771 - INFO - [K=4] Trial 22: 测试参数 {'H': 4, 'pop_size': 27, 'max_iter': 17, 'w_start': 0.7628146001752526, 'w_end': 0.33961402193529566, 'c1': 1.2833721303119556, 'c2': 1.8682824417739814, 'penalty_coef': 2046.5560242262954}
2026-04-05 05:17:52,516 - INFO - [K=4] Trial 22: 时间=13.68h, 10h率=42.0%, 40h率=98.0%, 耗时=75.7s
2026-04-05 05:17:52,579 - INFO - [K=4] Trial 23: 测试参数 {'H': 3, 'pop_size': 23, 'max_iter': 17, 'w_start': 0.8456350297060364, 'w_end': 0.2130233058020834, 'c1': 1.394433971461213, 'c2': 1.494169891924212, 'penalty_coef': 1149.4014107836838}
2026-04-05 05:18:48,921 - INFO - [K=4] Trial 23: 时间=12.04h, 10h率=58.0%, 40h率=96.0%, 耗时=56.3s
2026-04-05 05:18:48,992 - INFO - [K=4] Trial 24: 测试参数 {'H': 4, 'pop_size': 17, 'max_iter': 21, 'w_start': 0.8139736153499758, 'w_end': 0.2551277649738492, 'c1': 1.1823539948815638, 'c2': 1.686278373966869, 'penalty_coef': 789.9959441996782}
2026-04-05 05:19:49,315 - INFO - [K=4] Trial 24: 时间=13.74h, 10h率=38.0%, 40h率=98.0%, 耗时=60.3s
2026-04-05 05:19:49,393 - INFO - [K=4] Trial 25: 测试参数 {'H': 3, 'pop_size': 31, 'max_iter': 23, 'w_start': 0.7842460833678843, 'w_end': 0.1678967612080372, 'c1': 1.9013059011788953, 'c2': 1.8531993747677722, 'penalty_coef': 2998.533735219213}
2026-04-05 05:21:38,742 - INFO - [K=4] Trial 25: 时间=13.44h, 10h率=46.0%, 40h率=98.0%, 耗时=109.3s
2026-04-05 05:21:38,803 - INFO - [K=4] Trial 26: 测试参数 {'H': 5, 'pop_size': 33, 'max_iter': 17, 'w_start': 0.7135194907756139, 'w_end': 0.32234319172196224, 'c1': 1.6326666372371095, 'c2': 1.5343875393845812, 'penalty_coef': 1838.7423441576361}
2026-04-05 05:22:54,946 - INFO - [K=4] Trial 26: 时间=11.54h, 10h率=52.0%, 40h率=98.0%, 耗时=76.0s
2026-04-05 05:22:55,032 - INFO - [K=4] Trial 27: 测试参数 {'H': 5, 'pop_size': 33, 'max_iter': 27, 'w_start': 0.713297375427819, 'w_end': 0.33549213571896197, 'c1': 1.5791688768507635, 'c2': 1.580332556851488, 'penalty_coef': 1824.5218089194}
2026-04-05 05:25:35,283 - INFO - [K=4] Trial 27: 时间=15.94h, 10h率=36.0%, 40h率=98.0%, 耗时=160.1s
2026-04-05 05:25:35,366 - INFO - [K=4] Trial 28: 测试参数 {'H': 5, 'pop_size': 35, 'max_iter': 19, 'w_start': 0.7299945979386854, 'w_end': 0.40839397911370623, 'c1': 1.669021181887369, 'c2': 1.4367868200375882, 'penalty_coef': 2226.086521880428}
2026-04-05 05:27:38,902 - INFO - [K=4] Trial 28: 时间=16.98h, 10h率=32.0%, 40h率=90.0%, 耗时=123.5s
2026-04-05 05:27:38,961 - INFO - [K=4] Trial 29: 测试参数 {'H': 5, 'pop_size': 35, 'max_iter': 21, 'w_start': 0.8480861762237026, 'w_end': 0.3726614912991983, 'c1': 1.8736304650799274, 'c2': 0.9977914440477209, 'penalty_coef': 2619.8605434643105}
2026-04-05 05:29:50,056 - INFO - [K=4] Trial 29: 时间=14.06h, 10h率=48.0%, 40h率=98.0%, 耗时=131.1s
2026-04-05 05:29:50,120 - INFO - [K=4] Trial 30: 测试参数 {'H': 6, 'pop_size': 33, 'max_iter': 17, 'w_start': 0.8795656672016557, 'w_end': 0.33203985837856115, 'c1': 1.51702390410842, 'c2': 1.6556294129911264, 'penalty_coef': 2002.4444084979496}
2026-04-05 05:31:39,604 - INFO - [K=4] Trial 30: 时间=15.96h, 10h率=32.0%, 40h率=98.0%, 耗时=109.5s
2026-04-05 05:31:39,672 - INFO - [K=4] Trial 31: 测试参数 {'H': 4, 'pop_size': 31, 'max_iter': 15, 'w_start': 0.7606618500027205, 'w_end': 0.2798080442207162, 'c1': 1.625478108730307, 'c2': 1.5225488539239918, 'penalty_coef': 1461.5613267453627}
2026-04-05 05:33:02,618 - INFO - [K=4] Trial 31: 时间=12.78h, 10h率=52.0%, 40h率=98.0%, 耗时=82.9s
2026-04-05 05:33:02,692 - INFO - [K=4] Trial 32: 测试参数 {'H': 4, 'pop_size': 27, 'max_iter': 17, 'w_start': 0.8330564904066685, 'w_end': 0.31253214018897335, 'c1': 1.2344297457853606, 'c2': 1.761797180752811, 'penalty_coef': 1748.0265002486317}
2026-04-05 05:34:23,576 - INFO - [K=4] Trial 32: 时间=14.30h, 10h率=42.0%, 40h率=96.0%, 耗时=80.9s
2026-04-05 05:34:23,644 - INFO - [K=4] Trial 33: 测试参数 {'H': 5, 'pop_size': 29, 'max_iter': 15, 'w_start': 0.7223372009195146, 'w_end': 0.3642608118786653, 'c1': 1.0894751704938177, 'c2': 1.2929280292946066, 'penalty_coef': 1009.0818381007316}
2026-04-05 05:35:46,924 - INFO - [K=4] Trial 33: 时间=13.85h, 10h率=50.0%, 40h率=94.0%, 耗时=83.3s
2026-04-05 05:35:46,989 - INFO - [K=4] Trial 34: 测试参数 {'H': 4, 'pop_size': 33, 'max_iter': 19, 'w_start': 0.8610744080033474, 'w_end': 0.2292840103970881, 'c1': 1.4421200278524349, 'c2': 1.5576816268367693, 'penalty_coef': 1291.990589670604}
2026-04-05 05:37:03,280 - INFO - [K=4] Trial 34: 时间=11.84h, 10h率=58.0%, 40h率=100.0%, 耗时=76.3s
2026-04-05 05:37:03,337 - INFO - [K=4] Trial 35: 测试参数 {'H': 5, 'pop_size': 35, 'max_iter': 23, 'w_start': 0.8620077973519075, 'w_end': 0.10566837044197899, 'c1': 1.4456166551928258, 'c2': 1.5426217883704032, 'penalty_coef': 811.1866484122598}
2026-04-05 05:38:58,969 - INFO - [K=4] Trial 35: 时间=13.55h, 10h率=50.0%, 40h率=96.0%, 耗时=115.6s
2026-04-05 05:38:59,025 - INFO - [K=4] Trial 36: 测试参数 {'H': 4, 'pop_size': 33, 'max_iter': 19, 'w_start': 0.8473682683248793, 'w_end': 0.17381411904013777, 'c1': 1.154859100631783, 'c2': 0.8586691113459848, 'penalty_coef': 1569.0584552724008}
2026-04-05 05:40:33,744 - INFO - [K=4] Trial 36: 时间=13.20h, 10h率=48.0%, 40h率=96.0%, 耗时=94.7s
2026-04-05 05:40:33,806 - INFO - [K=4] Trial 37: 测试参数 {'H': 4, 'pop_size': 31, 'max_iter': 21, 'w_start': 0.9196924099205668, 'w_end': 0.21481772006226152, 'c1': 1.8197390030754341, 'c2': 1.4213913198843038, 'penalty_coef': 1109.7812979341682}
2026-04-05 05:42:09,987 - INFO - [K=4] Trial 37: 时间=12.49h, 10h率=48.0%, 40h率=98.0%, 耗时=96.1s
2026-04-05 05:42:10,060 - INFO - [K=4] Trial 38: 测试参数 {'H': 6, 'pop_size': 33, 'max_iter': 27, 'w_start': 0.8868126483369658, 'w_end': 0.3206528019611825, 'c1': 1.2153117539248197, 'c2': 1.6676381155487943, 'penalty_coef': 1902.7162608813517}
2026-04-05 05:44:57,948 - INFO - [K=4] Trial 38: 时间=16.19h, 10h率=30.0%, 40h率=94.0%, 耗时=167.9s
2026-04-05 05:44:58,005 - INFO - [K=4] Trial 39: 测试参数 {'H': 5, 'pop_size': 29, 'max_iter': 33, 'w_start': 0.9244809659968876, 'w_end': 0.3897228708382771, 'c1': 1.647341918870174, 'c2': 1.4814379938561308, 'penalty_coef': 1364.1588429083329}
2026-04-05 05:47:46,195 - INFO - [K=4] Trial 39: 时间=16.25h, 10h率=32.0%, 40h率=94.0%, 耗时=168.1s
2026-04-05 05:47:46,278 - INFO - [K=4] Trial 40: 测试参数 {'H': 4, 'pop_size': 35, 'max_iter': 19, 'w_start': 0.9462541732053737, 'w_end': 0.3512584652057961, 'c1': 2.0240772603568282, 'c2': 1.08478189325998, 'penalty_coef': 673.9512537771245}
2026-04-05 05:49:39,693 - INFO - [K=4] Trial 40: 时间=15.78h, 10h率=34.0%, 40h率=94.0%, 耗时=113.4s
2026-04-05 05:49:39,754 - INFO - [K=4] Trial 41: 测试参数 {'H': 3, 'pop_size': 23, 'max_iter': 15, 'w_start': 0.8680296129276087, 'w_end': 0.19687198571017794, 'c1': 1.3194861327756022, 'c2': 1.550417994502748, 'penalty_coef': 1247.0819445172092}
2026-04-05 05:50:38,154 - INFO - [K=4] Trial 41: 时间=12.12h, 10h率=46.0%, 40h率=100.0%, 耗时=58.4s
2026-04-05 05:50:38,235 - INFO - [K=4] Trial 42: 测试参数 {'H': 3, 'pop_size': 31, 'max_iter': 17, 'w_start': 0.7780398938812709, 'w_end': 0.23162699565098618, 'c1': 1.4633690569183764, 'c2': 1.7974216068558397, 'penalty_coef': 1653.2633849152728}
2026-04-05 05:51:41,747 - INFO - [K=4] Trial 42: 时间=10.49h, 10h率=54.0%, 40h率=100.0%, 耗时=63.5s
2026-04-05 05:51:41,747 - INFO - [K=4] 新的最佳值: 10.49h
2026-04-05 05:51:41,820 - INFO - [K=4] Trial 43: 测试参数 {'H': 3, 'pop_size': 31, 'max_iter': 17, 'w_start': 0.8078324846567917, 'w_end': 0.28977964024252856, 'c1': 1.5354097298341578, 'c2': 1.640628481576079, 'penalty_coef': 1641.3308968864317}
2026-04-05 05:53:15,135 - INFO - [K=4] Trial 43: 时间=14.76h, 10h率=36.0%, 40h率=100.0%, 耗时=93.3s
2026-04-05 05:53:15,190 - INFO - [K=4] Trial 44: 测试参数 {'H': 3, 'pop_size': 29, 'max_iter': 19, 'w_start': 0.9089126135827587, 'w_end': 0.2597946990035512, 'c1': 1.44031862214996, 'c2': 1.707165161470037, 'penalty_coef': 1780.6618399588144}
2026-04-05 05:54:42,986 - INFO - [K=4] Trial 44: 时间=14.34h, 10h率=42.0%, 40h率=98.0%, 耗时=87.8s
2026-04-05 05:54:43,044 - INFO - [K=4] Trial 45: 测试参数 {'H': 4, 'pop_size': 33, 'max_iter': 21, 'w_start': 0.8375968282864309, 'w_end': 0.22599843401332473, 'c1': 1.4057088158742623, 'c2': 1.8985006432140992, 'penalty_coef': 2117.7182218341404}
2026-04-05 05:56:32,380 - INFO - [K=4] Trial 45: 时间=13.30h, 10h率=50.0%, 40h率=98.0%, 耗时=109.3s
2026-04-05 05:56:32,450 - INFO - [K=4] Trial 46: 测试参数 {'H': 5, 'pop_size': 31, 'max_iter': 23, 'w_start': 0.7724323129215298, 'w_end': 0.24924206026033596, 'c1': 1.5641030946246097, 'c2': 1.8193350922321603, 'penalty_coef': 928.5303758884236}
2026-04-05 05:58:25,894 - INFO - [K=4] Trial 46: 时间=14.39h, 10h率=36.0%, 40h率=100.0%, 耗时=113.4s
2026-04-05 05:58:25,951 - INFO - [K=4] Trial 47: 测试参数 {'H': 6, 'pop_size': 27, 'max_iter': 17, 'w_start': 0.7946324068297426, 'w_end': 0.14643553554689565, 'c1': 1.4738771357972535, 'c2': 1.2239945357803517, 'penalty_coef': 1328.20262933266}
2026-04-05 05:59:51,517 - INFO - [K=4] Trial 47: 时间=14.88h, 10h率=38.0%, 40h率=96.0%, 耗时=85.5s
2026-04-05 05:59:51,584 - INFO - [K=4] Trial 48: 测试参数 {'H': 5, 'pop_size': 31, 'max_iter': 19, 'w_start': 0.7389352817356685, 'w_end': 0.2722113140297544, 'c1': 1.7143657400861865, 'c2': 1.5790272328919028, 'penalty_coef': 1548.8038380977525}
2026-04-05 06:01:26,203 - INFO - [K=4] Trial 48: 时间=13.88h, 10h率=34.0%, 40h率=98.0%, 耗时=94.6s
2026-04-05 06:01:26,288 - INFO - [K=4] Trial 49: 测试参数 {'H': 3, 'pop_size': 33, 'max_iter': 15, 'w_start': 0.8232989357607131, 'w_end': 0.30573695815150015, 'c1': 1.3801073840026183, 'c2': 1.4868817798408207, 'penalty_coef': 1904.1968453345785}
2026-04-05 06:02:48,203 - INFO - [K=4] Trial 49: 时间=12.10h, 10h率=58.0%, 40h率=98.0%, 耗时=81.9s
2026-04-05 06:02:48,248 - INFO - 结果已保存到: results_K4
2026-04-05 06:02:48,248 - INFO - 
============================================================
2026-04-05 06:02:48,249 - INFO - [K=4] CC-MPSO调参完成！最佳结果
2026-04-05 06:02:48,249 - INFO - ============================================================
2026-04-05 06:02:48,250 - INFO - 最佳平均发现时间: 10.49 小时
2026-04-05 06:02:48,250 - INFO - 
最佳参数组合:
2026-04-05 06:02:48,251 - INFO -   H = 3
2026-04-05 06:02:48,251 - INFO -   pop_size = 31
2026-04-05 06:02:48,251 - INFO -   max_iter = 17
2026-04-05 06:02:48,251 - INFO -   w_start = 0.7780398938812709
2026-04-05 06:02:48,251 - INFO -   w_end = 0.23162699565098618
2026-04-05 06:02:48,251 - INFO -   c1 = 1.4633690569183764
2026-04-05 06:02:48,251 - INFO -   c2 = 1.7974216068558397
2026-04-05 06:02:48,251 - INFO -   penalty_coef = 1653.2633849152728
