2026-04-04 00:15:35,709 - INFO - 测试模拟器...
2026-04-04 00:15:36,359 - INFO - 测试仿真成功，发现步数: 57
2026-04-04 00:15:37,151 - INFO - 开始优化 - 试验次数: 40
2026-04-04 00:15:37,231 - INFO - [worker1] Trial 0: 测试参数 {'H': 5, 'pop_size': 20, 'max_iter': 23, 'w_start': 0.8496646210492591, 'w_end': 0.24680559213273096, 'c1': 1.1559945203362028, 'c2': 1.0580836121681996, 'penalty_coef': 2665.440364437338}
2026-04-04 00:16:25,779 - INFO - [worker1] Trial 0: 时间=9.69h, 10h率=56.0%, 耗时=48.5s
2026-04-04 00:16:25,779 - INFO - [worker1] 新的最佳值: 9.69h
2026-04-04 00:16:25,855 - INFO - [worker1] Trial 1: 测试参数 {'H': 7, 'pop_size': 17, 'max_iter': 15, 'w_start': 0.9424774630404985, 'w_end': 0.4497327922401265, 'c1': 1.2123391106782762, 'c2': 1.1818249672071006, 'penalty_coef': 958.5112746335845}
2026-04-04 00:17:27,394 - INFO - [worker1] Trial 1: 时间=13.43h, 10h率=56.0%, 耗时=61.5s
2026-04-04 00:17:27,459 - INFO - [worker1] Trial 2: 测试参数 {'H': 5, 'pop_size': 15, 'max_iter': 19, 'w_start': 0.7728072850495105, 'w_end': 0.38355586841671385, 'c1': 1.139493860652042, 'c2': 1.2921446485352182, 'penalty_coef': 1415.9046082342293}
2026-04-04 00:18:19,959 - INFO - [worker1] Trial 2: 时间=11.73h, 10h率=56.0%, 耗时=52.5s
2026-04-04 00:18:20,018 - INFO - [worker1] Trial 3: 测试参数 {'H': 6, 'pop_size': 18, 'max_iter': 17, 'w_start': 0.8285586096034029, 'w_end': 0.37772437065861275, 'c1': 1.0464504127199978, 'c2': 1.6075448519014384, 'penalty_coef': 926.3103092182289}
2026-04-04 00:19:23,928 - INFO - [worker1] Trial 3: 时间=13.32h, 10h率=44.0%, 耗时=63.9s
2026-04-04 00:19:24,007 - INFO - [worker1] Trial 4: 测试参数 {'H': 4, 'pop_size': 20, 'max_iter': 25, 'w_start': 0.9020993370291153, 'w_end': 0.2913841307520112, 'c1': 1.0976721140063839, 'c2': 1.6842330265121568, 'penalty_coef': 1600.3812343490033}
2026-04-04 00:21:03,590 - INFO - [worker1] Trial 4: 时间=14.18h, 10h率=56.0%, 耗时=99.6s
2026-04-04 00:21:03,653 - INFO - [worker1] Trial 5: 测试参数 {'H': 4, 'pop_size': 15, 'max_iter': 15, 'w_start': 0.9273301005196954, 'w_end': 0.2776339944800051, 'c1': 1.662522284353982, 'c2': 1.311711076089411, 'penalty_coef': 1800.170052944527}
2026-04-04 00:21:37,174 - INFO - [worker1] Trial 5: 时间=10.20h, 10h率=68.0%, 耗时=33.5s
2026-04-04 00:21:37,265 - INFO - [worker1] Trial 6: 测试参数 {'H': 6, 'pop_size': 12, 'max_iter': 25, 'w_start': 0.8937832058402786, 'w_end': 0.48184968246925675, 'c1': 1.894827350427649, 'c2': 1.597899978811085, 'penalty_coef': 2804.685587557792}
2026-04-04 00:23:17,591 - INFO - [worker1] Trial 6: 时间=17.58h, 10h率=48.0%, 耗时=100.3s
2026-04-04 00:23:17,684 - INFO - [worker1] Trial 7: 测试参数 {'H': 4, 'pop_size': 12, 'max_iter': 15, 'w_start': 0.7813325826908161, 'w_end': 0.31660318690684464, 'c1': 1.2713490317738958, 'c2': 1.8287375091519293, 'penalty_coef': 1391.883316733973}
2026-04-04 00:24:12,779 - INFO - [worker1] Trial 7: 时间=16.63h, 10h率=28.0%, 耗时=55.1s
2026-04-04 00:24:12,850 - INFO - [worker1] Trial 8: 测试参数 {'H': 5, 'pop_size': 15, 'max_iter': 16, 'w_start': 0.9005492451885099, 'w_end': 0.22236519310393127, 'c1': 1.9868869366005173, 'c2': 1.7722447692966574, 'penalty_coef': 996.789203835431}
2026-04-04 00:25:17,073 - INFO - [worker1] Trial 8: 时间=14.41h, 10h率=64.0%, 耗时=64.2s
2026-04-04 00:25:17,163 - INFO - [worker1] Trial 9: 测试参数 {'H': 4, 'pop_size': 18, 'max_iter': 22, 'w_start': 0.8822517920102468, 'w_end': 0.4313811040057837, 'c1': 1.0740446517340905, 'c2': 1.3584657285442727, 'penalty_coef': 789.6726488128243}
2026-04-04 00:26:24,977 - INFO - [worker1] Trial 9: 时间=11.21h, 10h率=60.0%, 耗时=67.8s
2026-04-04 00:26:25,055 - INFO - [worker1] Trial 10: 测试参数 {'H': 8, 'pop_size': 10, 'max_iter': 22, 'w_start': 0.7044904689037049, 'w_end': 0.2046103211984313, 'c1': 1.4380809274618298, 'c2': 1.0151442371027568, 'penalty_coef': 2940.349749644988}
2026-04-04 00:27:09,826 - INFO - [worker1] Trial 10: 时间=14.11h, 10h率=44.0%, 耗时=44.7s
2026-04-04 00:27:09,905 - INFO - [worker1] Trial 11: 测试参数 {'H': 5, 'pop_size': 15, 'max_iter': 22, 'w_start': 0.8396311826948225, 'w_end': 0.2700341430619077, 'c1': 1.6763023592197583, 'c2': 1.0471602823383874, 'penalty_coef': 2252.392624529055}
2026-04-04 00:28:04,986 - INFO - [worker1] Trial 11: 时间=10.86h, 10h率=44.0%, 耗时=55.1s
2026-04-04 00:28:05,087 - INFO - [worker1] Trial 12: 测试参数 {'H': 5, 'pop_size': 20, 'max_iter': 19, 'w_start': 0.9395026695925992, 'w_end': 0.25494628289336396, 'c1': 1.689536601120642, 'c2': 1.4085367170224459, 'penalty_coef': 2192.045145239037}
2026-04-04 00:29:18,520 - INFO - [worker1] Trial 12: 时间=14.88h, 10h率=40.0%, 耗时=73.4s
2026-04-04 00:29:18,590 - INFO - [worker1] Trial 13: 测试参数 {'H': 6, 'pop_size': 13, 'max_iter': 23, 'w_start': 0.8611986340017526, 'w_end': 0.34247345454160893, 'c1': 1.4402740091940576, 'c2': 1.9993624386415512, 'penalty_coef': 2194.5752981452165}
2026-04-04 00:30:58,416 - INFO - [worker1] Trial 13: 时间=19.40h, 10h率=36.0%, 耗时=99.8s
2026-04-04 00:30:58,508 - INFO - [worker1] Trial 14: 测试参数 {'H': 4, 'pop_size': 17, 'max_iter': 20, 'w_start': 0.7887028332408563, 'w_end': 0.24635264824846037, 'c1': 1.727943629013472, 'c2': 1.1852597393840845, 'penalty_coef': 2657.8335198524874}
2026-04-04 00:31:42,830 - INFO - [worker1] Trial 14: 时间=9.11h, 10h率=76.0%, 耗时=44.2s
2026-04-04 00:31:42,830 - INFO - [worker1] 新的最佳值: 9.11h
2026-04-04 00:31:42,920 - INFO - [worker1] Trial 15: 测试参数 {'H': 5, 'pop_size': 18, 'max_iter': 20, 'w_start': 0.7822097734346514, 'w_end': 0.2315189052299424, 'c1': 1.3267343922404435, 'c2': 1.193219125545192, 'penalty_coef': 2486.613410280222}
2026-04-04 00:32:24,799 - INFO - [worker1] Trial 15: 时间=7.91h, 10h率=68.0%, 耗时=41.9s
2026-04-04 00:32:24,799 - INFO - [worker1] 新的最佳值: 7.91h
2026-04-04 00:32:24,891 - INFO - [worker1] Trial 16: 测试参数 {'H': 7, 'pop_size': 17, 'max_iter': 20, 'w_start': 0.7869633117859846, 'w_end': 0.20168740734932505, 'c1': 1.3269916780132247, 'c2': 1.1640684331057334, 'penalty_coef': 2476.5783528525735}
2026-04-04 00:33:30,176 - INFO - [worker1] Trial 16: 时间=12.39h, 10h率=44.0%, 耗时=65.3s
2026-04-04 00:33:30,272 - INFO - [worker1] Trial 17: 测试参数 {'H': 4, 'pop_size': 17, 'max_iter': 18, 'w_start': 0.7424087351181085, 'w_end': 0.31905026423923455, 'c1': 1.5596158930967834, 'c2': 1.4676893610415163, 'penalty_coef': 1918.118576761732}
2026-04-04 00:34:32,770 - INFO - [worker1] Trial 17: 时间=12.15h, 10h率=44.0%, 耗时=62.5s
2026-04-04 00:34:32,852 - INFO - [worker1] Trial 18: 测试参数 {'H': 5, 'pop_size': 18, 'max_iter': 20, 'w_start': 0.8100038074163988, 'w_end': 0.2366631924464685, 'c1': 1.8139937055778315, 'c2': 1.1715291764144689, 'penalty_coef': 2508.788870197535}
2026-04-04 00:35:14,578 - INFO - [worker1] Trial 18: 时间=8.56h, 10h率=72.0%, 耗时=41.7s
2026-04-04 00:35:14,667 - INFO - [worker1] Trial 19: 测试参数 {'H': 7, 'pop_size': 19, 'max_iter': 21, 'w_start': 0.8081864027951228, 'w_end': 0.3034338369701378, 'c1': 1.8268673109658373, 'c2': 1.2368765382424067, 'penalty_coef': 2539.324593273857}
2026-04-04 00:36:41,084 - INFO - [worker1] Trial 19: 时间=13.38h, 10h率=36.0%, 耗时=86.4s
2026-04-04 00:36:41,183 - INFO - [worker1] Trial 20: 测试参数 {'H': 6, 'pop_size': 18, 'max_iter': 18, 'w_start': 0.7503409052307207, 'w_end': 0.22909261997363548, 'c1': 1.3701809416727238, 'c2': 1.1105419278183035, 'penalty_coef': 1955.5523202938466}
2026-04-04 00:37:29,483 - INFO - [worker1] Trial 20: 时间=9.60h, 10h率=60.0%, 耗时=48.3s
2026-04-04 00:37:29,596 - INFO - [worker1] Trial 21: 测试参数 {'H': 5, 'pop_size': 16, 'max_iter': 20, 'w_start': 0.8086506183575621, 'w_end': 0.24389759808993997, 'c1': 1.7941845611005944, 'c2': 1.199350016607852, 'penalty_coef': 2369.5327563658648}
2026-04-04 00:38:32,228 - INFO - [worker1] Trial 21: 时间=12.55h, 10h率=52.0%, 耗时=62.6s
2026-04-04 00:38:32,292 - INFO - [worker1] Trial 22: 测试参数 {'H': 4, 'pop_size': 19, 'max_iter': 21, 'w_start': 0.7487559145336697, 'w_end': 0.2668736841271446, 'c1': 1.5464923595569509, 'c2': 1.2597920740688173, 'penalty_coef': 2960.433088667137}
2026-04-04 00:39:25,958 - INFO - [worker1] Trial 22: 时间=9.54h, 10h率=64.0%, 耗时=53.6s
2026-04-04 00:39:26,037 - INFO - [worker1] Trial 23: 测试参数 {'H': 5, 'pop_size': 16, 'max_iter': 19, 'w_start': 0.8014909659683377, 'w_end': 0.22441727279821033, 'c1': 1.733507307543534, 'c2': 1.1311449082126999, 'penalty_coef': 2687.173660818979}
2026-04-04 00:40:04,533 - INFO - [worker1] Trial 23: 时间=8.63h, 10h率=68.0%, 耗时=38.5s
2026-04-04 00:40:04,623 - INFO - [worker1] Trial 24: 测试参数 {'H': 5, 'pop_size': 16, 'max_iter': 18, 'w_start': 0.8120337489524586, 'w_end': 0.2211929343026174, 'c1': 1.601446179523974, 'c2': 1.1187755651243605, 'penalty_coef': 2732.57719250084}
2026-04-04 00:40:55,094 - INFO - [worker1] Trial 24: 时间=10.91h, 10h率=52.0%, 耗时=50.4s
2026-04-04 00:40:55,179 - INFO - [worker1] Trial 25: 测试参数 {'H': 6, 'pop_size': 14, 'max_iter': 19, 'w_start': 0.718237598229964, 'w_end': 0.3497028141939051, 'c1': 1.900643362969613, 'c2': 1.3819996117906488, 'penalty_coef': 2416.375795741106}
2026-04-04 00:41:58,559 - INFO - [worker1] Trial 25: 时间=14.59h, 10h率=40.0%, 耗时=63.4s
2026-04-04 00:41:58,634 - INFO - [worker1] Trial 26: 测试参数 {'H': 5, 'pop_size': 19, 'max_iter': 21, 'w_start': 0.7686431794020124, 'w_end': 0.2861740553984415, 'c1': 1.7745772705375458, 'c2': 1.4619012533836295, 'penalty_coef': 2067.8403103944947}
2026-04-04 00:43:35,595 - INFO - [worker1] Trial 26: 时间=14.26h, 10h率=60.0%, 耗时=96.9s
2026-04-04 00:43:35,694 - INFO - [worker1] Trial 27: 测试参数 {'H': 5, 'pop_size': 16, 'max_iter': 17, 'w_start': 0.8231632557159525, 'w_end': 0.20026361537505744, 'c1': 1.4780621794503295, 'c2': 1.0828806621485512, 'penalty_coef': 2557.1741907481937}
2026-04-04 00:44:19,441 - INFO - [worker1] Trial 27: 时间=10.91h, 10h率=56.0%, 耗时=43.7s
2026-04-04 00:44:19,525 - INFO - [worker1] Trial 28: 测试参数 {'H': 6, 'pop_size': 18, 'max_iter': 20, 'w_start': 0.8606595240183935, 'w_end': 0.2290411697690977, 'c1': 1.9909776637868204, 'c2': 1.0053622833914395, 'penalty_coef': 2861.6216930137552}
2026-04-04 00:45:33,632 - INFO - [worker1] Trial 28: 时间=12.80h, 10h率=56.0%, 耗时=74.1s
2026-04-04 00:45:33,721 - INFO - [worker1] Trial 29: 测试参数 {'H': 5, 'pop_size': 20, 'max_iter': 23, 'w_start': 0.7987429066127573, 'w_end': 0.25064474593419755, 'c1': 1.8613911034581982, 'c2': 1.3100597838888706, 'penalty_coef': 2653.6508740087547}
2026-04-04 00:46:44,063 - INFO - [worker1] Trial 29: 时间=9.73h, 10h率=60.0%, 耗时=70.3s
2026-04-04 00:46:44,147 - INFO - [worker1] Trial 30: 测试参数 {'H': 6, 'pop_size': 19, 'max_iter': 19, 'w_start': 0.7620015099711741, 'w_end': 0.32432935773619026, 'c1': 1.5990395744291632, 'c2': 1.1234788369853974, 'penalty_coef': 2336.6692087436495}
2026-04-04 00:47:43,364 - INFO - [worker1] Trial 30: 时间=11.27h, 10h率=52.0%, 耗时=59.2s
2026-04-04 00:47:43,454 - INFO - [worker1] Trial 31: 测试参数 {'H': 4, 'pop_size': 17, 'max_iter': 21, 'w_start': 0.7926565229915213, 'w_end': 0.23916181302202397, 'c1': 1.7435573073957584, 'c2': 1.2100942577702158, 'penalty_coef': 2667.1022172837143}
2026-04-04 00:48:50,995 - INFO - [worker1] Trial 31: 时间=12.83h, 10h率=52.0%, 耗时=67.5s
2026-04-04 00:48:51,100 - INFO - [worker1] Trial 32: 测试参数 {'H': 4, 'pop_size': 17, 'max_iter': 20, 'w_start': 0.8445666743539576, 'w_end': 0.26026202765945217, 'c1': 1.72033269085536, 'c2': 1.1672661406165366, 'penalty_coef': 2621.8247131458775}
2026-04-04 00:49:29,690 - INFO - [worker1] Trial 32: 时间=7.99h, 10h率=68.0%, 耗时=38.6s
2026-04-04 00:49:29,780 - INFO - [worker1] Trial 33: 测试参数 {'H': 5, 'pop_size': 16, 'max_iter': 20, 'w_start': 0.8469169855259999, 'w_end': 0.25919777787755466, 'c1': 1.9346596622194818, 'c2': 1.1470745175583223, 'penalty_coef': 2779.845043869067}
2026-04-04 00:50:30,092 - INFO - [worker1] Trial 33: 时间=12.74h, 10h率=40.0%, 耗时=60.3s
2026-04-04 00:50:30,183 - INFO - [worker1] Trial 34: 测试参数 {'H': 5, 'pop_size': 18, 'max_iter': 18, 'w_start': 0.826883307948501, 'w_end': 0.38644227012512006, 'c1': 1.222674185819341, 'c2': 1.0723531414951428, 'penalty_coef': 2071.362987997792}
2026-04-04 00:51:23,290 - INFO - [worker1] Trial 34: 时间=10.79h, 10h率=60.0%, 耗时=53.1s
2026-04-04 00:51:23,384 - INFO - [worker1] Trial 35: 测试参数 {'H': 4, 'pop_size': 17, 'max_iter': 17, 'w_start': 0.865643107462106, 'w_end': 0.29505255954808907, 'c1': 1.0054585753773133, 'c2': 1.2629126493026663, 'penalty_coef': 2518.6117094932747}
2026-04-04 00:51:59,327 - INFO - [worker1] Trial 35: 时间=8.54h, 10h率=64.0%, 耗时=35.9s
2026-04-04 00:51:59,429 - INFO - [worker1] Trial 36: 测试参数 {'H': 4, 'pop_size': 17, 'max_iter': 17, 'w_start': 0.8664550071698754, 'w_end': 0.29646173804415565, 'c1': 1.1850288630203711, 'c2': 1.2807578886892266, 'penalty_coef': 2533.1683797712585}
2026-04-04 00:52:37,937 - INFO - [worker1] Trial 36: 时间=9.01h, 10h率=72.0%, 耗时=38.5s
2026-04-04 00:52:38,025 - INFO - [worker1] Trial 37: 测试参数 {'H': 4, 'pop_size': 18, 'max_iter': 16, 'w_start': 0.8375417432353113, 'w_end': 0.2820535741405855, 'c1': 1.3652722361807264, 'c2': 1.5321970491921795, 'penalty_coef': 1587.744617625161}
2026-04-04 00:53:40,259 - INFO - [worker1] Trial 37: 时间=13.41h, 10h率=44.0%, 耗时=60.6s
2026-04-04 00:53:40,656 - INFO - [worker1] Trial 38: 测试参数 {'H': 4, 'pop_size': 14, 'max_iter': 23, 'w_start': 0.8724315713792471, 'w_end': 0.36998018814594746, 'c1': 1.0026679612772813, 'c2': 1.3418534876941908, 'penalty_coef': 2287.94661199601}
2026-04-04 00:54:35,827 - INFO - [worker1] Trial 38: 时间=12.16h, 10h率=56.0%, 耗时=55.1s
2026-04-04 00:54:35,910 - INFO - [worker1] Trial 39: 测试参数 {'H': 4, 'pop_size': 19, 'max_iter': 24, 'w_start': 0.9092854886654871, 'w_end': 0.27370980595845745, 'c1': 1.1136195968758498, 'c2': 1.2695762033744253, 'penalty_coef': 2998.821199867983}
2026-04-04 00:56:08,411 - INFO - [worker1] Trial 39: 时间=12.32h, 10h率=52.0%, 耗时=92.5s
2026-04-04 00:56:08,460 - INFO - 结果已保存到: results_worker1
2026-04-04 00:56:08,460 - INFO - 
============================================================
2026-04-04 00:56:08,460 - INFO - [worker1] 调参完成！最佳结果
2026-04-04 00:56:08,460 - INFO - ============================================================
2026-04-04 00:56:08,460 - INFO - 最佳平均发现时间: 7.91 小时
2026-04-04 00:56:08,460 - INFO - 
最佳参数组合:
2026-04-04 00:56:08,464 - INFO -   H = 5
2026-04-04 00:56:08,464 - INFO -   pop_size = 18
2026-04-04 00:56:08,464 - INFO -   max_iter = 20
2026-04-04 00:56:08,464 - INFO -   w_start = 0.7822097734346514
2026-04-04 00:56:08,464 - INFO -   w_end = 0.2315189052299424
2026-04-04 00:56:08,464 - INFO -   c1 = 1.3267343922404435
2026-04-04 00:56:08,464 - INFO -   c2 = 1.193219125545192
2026-04-04 00:56:08,464 - INFO -   penalty_coef = 2486.613410280222
2026-04-04 00:56:08,464 - INFO - 
worker1 调参完成！
