2026-04-05 01:17:08,735 - INFO - 搜索空间: {'H': {'type': 'int', 'low': 3, 'high': 7, 'step': 1}, 'pop_size': {'type': 'int', 'low': 15, 'high': 35, 'step': 2}, 'max_iter': {'type': 'int', 'low': 15, 'high': 35, 'step': 2}, 'w_start': {'type': 'float', 'low': 0.7, 'high': 0.95}, 'w_end': {'type': 'float', 'low': 0.1, 'high': 0.45}, 'c1': {'type': 'float', 'low': 1.0, 'high': 2.2}, 'c2': {'type': 'float', 'low': 0.8, 'high': 2.0}, 'penalty_coef': {'type': 'float', 'low': 500, 'high': 3000}}
2026-04-05 01:17:09,392 - INFO - 开始优化 K=1 - 试验次数: 50
2026-04-05 01:17:09,459 - INFO - [K=1] Trial 0: 测试参数 {'H': 4, 'pop_size': 35, 'max_iter': 31, 'w_start': 0.8496646210492591, 'w_end': 0.1546065241548528, 'c1': 1.1871934244034432, 'c2': 0.8697003346018394, 'penalty_coef': 2665.440364437338}
2026-04-05 01:19:00,484 - INFO - [K=1] Trial 0: 时间=29.70h, 10h率=10.0%, 40h率=52.0%, 耗时=111.0s
2026-04-05 01:19:00,485 - INFO - [K=1] 新的最佳值: 29.70h
2026-04-05 01:19:00,572 - INFO - [K=1] Trial 1: 测试参数 {'H': 6, 'pop_size': 29, 'max_iter': 15, 'w_start': 0.9424774630404985, 'w_end': 0.3913549242801476, 'c1': 1.2548069328139313, 'c2': 1.0181899606485207, 'penalty_coef': 958.5112746335845}
2026-04-05 01:20:01,303 - INFO - [K=1] Trial 1: 时间=30.09h, 10h率=12.0%, 40h率=44.0%, 耗时=60.7s
2026-04-05 01:20:01,391 - INFO - [K=1] Trial 2: 测试参数 {'H': 4, 'pop_size': 25, 'max_iter': 23, 'w_start': 0.7728072850495105, 'w_end': 0.3141485131528328, 'c1': 1.1673926327824502, 'c2': 1.1505735782422617, 'penalty_coef': 1415.9046082342293}
2026-04-05 01:21:10,799 - INFO - [K=1] Trial 2: 时间=28.32h, 10h率=18.0%, 40h率=50.0%, 耗时=69.4s
2026-04-05 01:21:10,799 - INFO - [K=1] 新的最佳值: 28.32h
2026-04-05 01:21:10,879 - INFO - [K=1] Trial 3: 测试参数 {'H': 5, 'pop_size': 31, 'max_iter': 19, 'w_start': 0.8285586096034029, 'w_end': 0.30734509910171487, 'c1': 1.0557404952639973, 'c2': 1.529053822281726, 'penalty_coef': 926.3103092182289}
2026-04-05 01:22:03,440 - INFO - [K=1] Trial 3: 时间=26.96h, 10h率=18.0%, 40h率=62.0%, 耗时=52.5s
2026-04-05 01:22:03,440 - INFO - [K=1] 新的最佳值: 26.96h
2026-04-05 01:22:03,522 - INFO - [K=1] Trial 4: 测试参数 {'H': 3, 'pop_size': 35, 'max_iter': 35, 'w_start': 0.9020993370291153, 'w_end': 0.20661481921067976, 'c1': 1.1172065368076607, 'c2': 1.6210796318145881, 'penalty_coef': 1600.3812343490033}
2026-04-05 01:24:05,068 - INFO - [K=1] Trial 4: 时间=27.41h, 10h率=18.0%, 40h率=56.0%, 耗时=121.5s
2026-04-05 01:24:05,145 - INFO - [K=1] Trial 5: 测试参数 {'H': 3, 'pop_size': 25, 'max_iter': 15, 'w_start': 0.9273301005196954, 'w_end': 0.19057299356000593, 'c1': 1.7950267412247785, 'c2': 1.1740532913072932, 'penalty_coef': 1800.170052944527}
2026-04-05 01:24:53,170 - INFO - [K=1] Trial 5: 时间=24.89h, 10h率=22.0%, 40h率=62.0%, 耗时=48.0s
2026-04-05 01:24:53,170 - INFO - [K=1] 新的最佳值: 24.89h
2026-04-05 01:24:53,249 - INFO - [K=1] Trial 6: 测试参数 {'H': 5, 'pop_size': 19, 'max_iter': 35, 'w_start': 0.8937832058402786, 'w_end': 0.42882462954746614, 'c1': 2.073792820513179, 'c2': 1.5174799745733023, 'penalty_coef': 2804.685587557792}
2026-04-05 01:26:14,840 - INFO - [K=1] Trial 6: 时间=32.01h, 10h率=14.0%, 40h率=48.0%, 耗时=81.6s
2026-04-05 01:26:14,892 - INFO - [K=1] Trial 7: 测试参数 {'H': 3, 'pop_size': 19, 'max_iter': 15, 'w_start': 0.7813325826908161, 'w_end': 0.2360370513913187, 'c1': 1.325618838128675, 'c2': 1.7944850109823152, 'penalty_coef': 1391.883316733973}
2026-04-05 01:26:59,939 - INFO - [K=1] Trial 7: 时间=29.33h, 10h率=16.0%, 40h率=42.0%, 耗时=45.0s
2026-04-05 01:27:00,030 - INFO - [K=1] Trial 8: 测试参数 {'H': 4, 'pop_size': 25, 'max_iter': 17, 'w_start': 0.9005492451885099, 'w_end': 0.1260927252879198, 'c1': 2.1842643239206208, 'c2': 1.726693723155989, 'penalty_coef': 996.789203835431}
2026-04-05 01:28:02,066 - INFO - [K=1] Trial 8: 时间=31.88h, 10h率=8.0%, 40h率=50.0%, 耗时=62.0s
2026-04-05 01:28:02,163 - INFO - [K=1] Trial 9: 测试参数 {'H': 3, 'pop_size': 31, 'max_iter': 29, 'w_start': 0.8822517920102468, 'w_end': 0.369944621340081, 'c1': 1.0888535820809084, 'c2': 1.230158874253127, 'penalty_coef': 789.6726488128243}
2026-04-05 01:29:26,923 - INFO - [K=1] Trial 9: 时间=27.30h, 10h率=20.0%, 40h率=60.0%, 耗时=84.7s
2026-04-05 01:29:27,008 - INFO - [K=1] Trial 10: 测试参数 {'H': 7, 'pop_size': 15, 'max_iter': 23, 'w_start': 0.7044904689037049, 'w_end': 0.19544040702037954, 'c1': 1.8282964882829744, 'c2': 1.9517248951345039, 'penalty_coef': 2191.4309493569494}
2026-04-05 01:30:03,816 - INFO - [K=1] Trial 10: 时间=29.54h, 10h率=10.0%, 40h率=52.0%, 耗时=36.8s
2026-04-05 01:30:03,898 - INFO - [K=1] Trial 11: 测试参数 {'H': 6, 'pop_size': 27, 'max_iter': 19, 'w_start': 0.8099873011320705, 'w_end': 0.2994719183325732, 'c1': 1.5626548039990495, 'c2': 1.3516925697125761, 'penalty_coef': 2048.834857833998}
2026-04-05 01:30:55,421 - INFO - [K=1] Trial 11: 时间=29.51h, 10h率=8.0%, 40h率=52.0%, 耗时=51.5s
2026-04-05 01:30:55,509 - INFO - [K=1] Trial 12: 测试参数 {'H': 5, 'pop_size': 31, 'max_iter': 19, 'w_start': 0.9375121208802752, 'w_end': 0.2556159814935859, 'c1': 1.6566256494221783, 'c2': 1.3624462626654108, 'penalty_coef': 1941.7333206450373}
2026-04-05 01:31:55,637 - INFO - [K=1] Trial 12: 时间=29.62h, 10h率=12.0%, 40h率=46.0%, 耗时=60.1s
2026-04-05 01:31:55,721 - INFO - [K=1] Trial 13: 测试参数 {'H': 5, 'pop_size': 23, 'max_iter': 21, 'w_start': 0.8382914410936905, 'w_end': 0.32785553111005816, 'c1': 1.8586645081748454, 'c2': 1.4772440152196762, 'penalty_coef': 585.336519073885}
2026-04-05 01:32:55,070 - INFO - [K=1] Trial 13: 时间=31.00h, 10h率=10.0%, 40h率=42.0%, 耗时=59.3s
2026-04-05 01:32:55,164 - INFO - [K=1] Trial 14: 测试参数 {'H': 7, 'pop_size': 21, 'max_iter': 25, 'w_start': 0.7230506199043809, 'w_end': 0.10459911050123291, 'c1': 1.4776380873143136, 'c2': 1.042848501092951, 'penalty_coef': 2345.2458553155816}
2026-04-05 01:33:56,259 - INFO - [K=1] Trial 14: 时间=31.55h, 10h率=10.0%, 40h率=50.0%, 耗时=61.1s
2026-04-05 01:33:56,314 - INFO - [K=1] Trial 15: 测试参数 {'H': 6, 'pop_size': 31, 'max_iter': 17, 'w_start': 0.7483093701750063, 'w_end': 0.17616908096722583, 'c1': 1.7908343257707688, 'c2': 1.2275326124523311, 'penalty_coef': 1219.7732486626605}
2026-04-05 01:34:52,880 - INFO - [K=1] Trial 15: 时间=31.43h, 10h率=10.0%, 40h率=48.0%, 耗时=56.5s
2026-04-05 01:34:52,938 - INFO - [K=1] Trial 16: 测试参数 {'H': 4, 'pop_size': 27, 'max_iter': 19, 'w_start': 0.8559398331957696, 'w_end': 0.26424933516060084, 'c1': 1.4357960666516179, 'c2': 0.8056881435837078, 'penalty_coef': 1817.0624228837448}
2026-04-05 01:35:38,806 - INFO - [K=1] Trial 16: 时间=28.16h, 10h率=12.0%, 40h率=56.0%, 耗时=45.8s
2026-04-05 01:35:38,865 - INFO - [K=1] Trial 17: 测试参数 {'H': 5, 'pop_size': 33, 'max_iter': 15, 'w_start': 0.8106079883084697, 'w_end': 0.35268091819624603, 'c1': 1.9676285842334098, 'c2': 1.5998427671692628, 'penalty_coef': 524.4876684314756}
2026-04-05 01:36:37,399 - INFO - [K=1] Trial 17: 时间=30.15h, 10h率=8.0%, 40h率=44.0%, 耗时=58.5s
2026-04-05 01:36:37,457 - INFO - [K=1] Trial 18: 测试参数 {'H': 3, 'pop_size': 27, 'max_iter': 27, 'w_start': 0.8724186063029418, 'w_end': 0.23207045297152074, 'c1': 1.7108839678604224, 'c2': 1.997351017916742, 'penalty_coef': 2491.196722355262}
2026-04-05 01:37:43,350 - INFO - [K=1] Trial 18: 时间=27.18h, 10h率=14.0%, 40h率=64.0%, 耗时=65.9s
2026-04-05 01:37:43,409 - INFO - [K=1] Trial 19: 测试参数 {'H': 6, 'pop_size': 23, 'max_iter': 21, 'w_start': 0.925664287178835, 'w_end': 0.27999593183581417, 'c1': 1.41892476079516, 'c2': 1.014557249618655, 'penalty_coef': 1651.8877606576682}
2026-04-05 01:38:36,480 - INFO - [K=1] Trial 19: 时间=31.75h, 10h率=12.0%, 40h率=38.0%, 耗时=53.0s
2026-04-05 01:38:36,537 - INFO - [K=1] Trial 20: 测试参数 {'H': 4, 'pop_size': 15, 'max_iter': 17, 'w_start': 0.822425296768235, 'w_end': 0.4469470186502598, 'c1': 1.9724708913424025, 'c2': 1.2872851203634916, 'penalty_coef': 1103.958565441972}
2026-04-05 01:39:03,094 - INFO - [K=1] Trial 20: 时间=28.20h, 10h率=14.0%, 40h率=52.0%, 耗时=26.5s
2026-04-05 01:39:03,167 - INFO - [K=1] Trial 21: 测试参数 {'H': 3, 'pop_size': 27, 'max_iter': 27, 'w_start': 0.8739834029553598, 'w_end': 0.2297196024038882, 'c1': 1.6776764830373563, 'c2': 1.9982203602577064, 'penalty_coef': 2486.0366653660412}
2026-04-05 01:40:15,869 - INFO - [K=1] Trial 21: 时间=30.33h, 10h率=8.0%, 40h率=46.0%, 耗时=72.7s
2026-04-05 01:40:15,929 - INFO - [K=1] Trial 22: 测试参数 {'H': 3, 'pop_size': 29, 'max_iter': 29, 'w_start': 0.9172548477159503, 'w_end': 0.15716936430449763, 'c1': 1.723832787582384, 'c2': 1.8489819690105427, 'penalty_coef': 2933.5728525712293}
2026-04-05 01:41:32,737 - INFO - [K=1] Trial 22: 时间=28.98h, 10h率=12.0%, 40h率=52.0%, 耗时=76.8s
2026-04-05 01:41:32,798 - INFO - [K=1] Trial 23: 测试参数 {'H': 3, 'pop_size': 29, 'max_iter': 25, 'w_start': 0.8666010374339543, 'w_end': 0.21634579701493029, 'c1': 1.564757106901881, 'c2': 1.1379947202585472, 'penalty_coef': 2465.1600812559186}
2026-04-05 01:42:52,284 - INFO - [K=1] Trial 23: 时间=28.98h, 10h率=16.0%, 40h率=52.0%, 耗时=79.5s
2026-04-05 01:42:52,346 - INFO - [K=1] Trial 24: 测试参数 {'H': 4, 'pop_size': 23, 'max_iter': 31, 'w_start': 0.7914314960200638, 'w_end': 0.2670337131798553, 'c1': 1.0344846623233193, 'c2': 1.6965051192931, 'penalty_coef': 2170.2096912321076}
2026-04-05 01:44:01,035 - INFO - [K=1] Trial 24: 时间=29.03h, 10h率=14.0%, 40h率=58.0%, 耗时=68.7s
2026-04-05 01:44:01,094 - INFO - [K=1] Trial 25: 测试参数 {'H': 3, 'pop_size': 33, 'max_iter': 23, 'w_start': 0.8380160119069284, 'w_end': 0.33827358682319975, 'c1': 1.9013059011788953, 'c2': 1.4595878508046363, 'penalty_coef': 1417.0688521652535}
2026-04-05 01:45:18,999 - INFO - [K=1] Trial 25: 时间=31.18h, 10h率=10.0%, 40h率=48.0%, 耗时=77.8s
2026-04-05 01:45:19,078 - INFO - [K=1] Trial 26: 测试参数 {'H': 5, 'pop_size': 27, 'max_iter': 27, 'w_start': 0.9145583807941372, 'w_end': 0.29798852633192563, 'c1': 1.76136692545697, 'c2': 1.9035239724891233, 'penalty_coef': 1782.094321426524}
2026-04-05 01:46:32,479 - INFO - [K=1] Trial 26: 时间=30.64h, 10h率=8.0%, 40h率=48.0%, 耗时=73.4s
2026-04-05 01:46:32,550 - INFO - [K=1] Trial 27: 测试参数 {'H': 4, 'pop_size': 25, 'max_iter': 21, 'w_start': 0.8876984967169688, 'w_end': 0.18405004635608632, 'c1': 1.6038378673877154, 'c2': 1.5628360957418757, 'penalty_coef': 802.8514263333873}
2026-04-05 01:47:26,459 - INFO - [K=1] Trial 27: 时间=27.25h, 10h率=12.0%, 40h率=56.0%, 耗时=53.9s
2026-04-05 01:47:26,525 - INFO - [K=1] Trial 28: 测试参数 {'H': 3, 'pop_size': 33, 'max_iter': 17, 'w_start': 0.863954549902118, 'w_end': 0.23227980669694995, 'c1': 1.952763549586422, 'c2': 0.919728682618899, 'penalty_coef': 2670.246732576624}
2026-04-05 01:48:23,926 - INFO - [K=1] Trial 28: 时间=28.01h, 10h率=14.0%, 40h率=62.0%, 耗时=57.4s
2026-04-05 01:48:23,989 - INFO - [K=1] Trial 29: 测试参数 {'H': 4, 'pop_size': 21, 'max_iter': 25, 'w_start': 0.844934883006201, 'w_end': 0.14179348462877983, 'c1': 1.3743929741353882, 'c2': 1.6967174906958389, 'penalty_coef': 2328.514993107269}
2026-04-05 01:49:17,542 - INFO - [K=1] Trial 29: 时间=30.08h, 10h率=14.0%, 40h率=48.0%, 耗时=53.5s
2026-04-05 01:49:17,605 - INFO - [K=1] Trial 30: 测试参数 {'H': 7, 'pop_size': 35, 'max_iter': 33, 'w_start': 0.9473680286037871, 'w_end': 0.16128979038594835, 'c1': 1.5171617760433247, 'c2': 1.7981216671913047, 'penalty_coef': 1928.6779687829903}
2026-04-05 01:50:59,127 - INFO - [K=1] Trial 30: 时间=30.22h, 10h率=10.0%, 40h率=48.0%, 耗时=101.5s
2026-04-05 01:50:59,182 - INFO - [K=1] Trial 31: 测试参数 {'H': 4, 'pop_size': 25, 'max_iter': 21, 'w_start': 0.8833949694914985, 'w_end': 0.1850427015045799, 'c1': 1.6311225170570471, 'c2': 1.5665680788458893, 'penalty_coef': 740.5995957015521}
2026-04-05 01:51:49,662 - INFO - [K=1] Trial 31: 时间=27.73h, 10h率=22.0%, 40h率=52.0%, 耗时=50.5s
2026-04-05 01:51:49,718 - INFO - [K=1] Trial 32: 测试参数 {'H': 4, 'pop_size': 29, 'max_iter': 19, 'w_start': 0.9214749717823283, 'w_end': 0.24539137120290946, 'c1': 1.7170757536552177, 'c2': 1.4230058972777184, 'penalty_coef': 810.6113409309602}
2026-04-05 01:52:34,896 - INFO - [K=1] Trial 32: 时间=27.37h, 10h率=16.0%, 40h率=54.0%, 耗时=45.2s
2026-04-05 01:52:34,962 - INFO - [K=1] Trial 33: 测试参数 {'H': 3, 'pop_size': 25, 'max_iter': 15, 'w_start': 0.8919317033316376, 'w_end': 0.2055207546637097, 'c1': 1.5998104605080048, 'c2': 1.1084511030181572, 'penalty_coef': 1218.1171327745255}
2026-04-05 01:53:18,838 - INFO - [K=1] Trial 33: 时间=29.83h, 10h率=12.0%, 40h率=52.0%, 耗时=43.9s
2026-04-05 01:53:18,909 - INFO - [K=1] Trial 34: 测试参数 {'H': 4, 'pop_size': 29, 'max_iter': 21, 'w_start': 0.9086134291848412, 'w_end': 0.17319560153338504, 'c1': 1.2672090229832094, 'c2': 1.6498253030598906, 'penalty_coef': 935.2409791536978}
2026-04-05 01:54:23,185 - INFO - [K=1] Trial 34: 时间=31.10h, 10h率=8.0%, 40h率=52.0%, 耗时=64.2s
2026-04-05 01:54:23,264 - INFO - [K=1] Trial 35: 测试参数 {'H': 5, 'pop_size': 27, 'max_iter': 27, 'w_start': 0.9337354403120902, 'w_end': 0.2130004377184224, 'c1': 2.061839953960088, 'c2': 1.5426217883704032, 'penalty_coef': 671.6089676908632}
2026-04-05 01:55:36,470 - INFO - [K=1] Trial 35: 时间=31.96h, 10h率=10.0%, 40h率=46.0%, 耗时=73.2s
2026-04-05 01:55:36,535 - INFO - [K=1] Trial 36: 测试参数 {'H': 3, 'pop_size': 23, 'max_iter': 23, 'w_start': 0.8546256042352656, 'w_end': 0.13395318789208968, 'c1': 1.2804619585619326, 'c2': 1.3177484148125016, 'penalty_coef': 1538.4389920756234}
2026-04-05 01:56:27,111 - INFO - [K=1] Trial 36: 时间=29.91h, 10h率=12.0%, 40h率=50.0%, 耗时=50.5s
2026-04-05 01:56:27,184 - INFO - [K=1] Trial 37: 测试参数 {'H': 4, 'pop_size': 25, 'max_iter': 15, 'w_start': 0.882280237855617, 'w_end': 0.29850519094027944, 'c1': 1.5036897115509527, 'c2': 1.2289554993832565, 'penalty_coef': 1278.0080057601413}
2026-04-05 01:57:06,626 - INFO - [K=1] Trial 37: 时间=26.47h, 10h率=18.0%, 40h率=60.0%, 耗时=39.4s
2026-04-05 01:57:06,689 - INFO - [K=1] Trial 38: 测试参数 {'H': 3, 'pop_size': 21, 'max_iter': 15, 'w_start': 0.8211374710702994, 'w_end': 0.40205543344116357, 'c1': 1.0032015535327377, 'c2': 1.2027788519419846, 'penalty_coef': 1248.7519306506474}
2026-04-05 01:57:40,654 - INFO - [K=1] Trial 38: 时间=26.85h, 10h率=16.0%, 40h率=60.0%, 耗时=33.9s
2026-04-05 01:57:40,717 - INFO - [K=1] Trial 39: 测试参数 {'H': 4, 'pop_size': 21, 'max_iter': 15, 'w_start': 0.7656168478837857, 'w_end': 0.37696171915278337, 'c1': 1.1886714630448076, 'c2': 1.182974326919317, 'penalty_coef': 1311.6942381953634}
2026-04-05 01:58:12,980 - INFO - [K=1] Trial 39: 时间=26.04h, 10h率=16.0%, 40h率=62.0%, 耗时=32.2s
2026-04-05 01:58:13,035 - INFO - [K=1] Trial 40: 测试参数 {'H': 4, 'pop_size': 17, 'max_iter': 15, 'w_start': 0.7554961143939024, 'w_end': 0.40380023449149965, 'c1': 1.1676244656227377, 'c2': 1.2254038342184512, 'penalty_coef': 1328.4177237809392}
2026-04-05 01:58:38,594 - INFO - [K=1] Trial 40: 时间=25.32h, 10h率=20.0%, 40h率=60.0%, 耗时=25.5s
2026-04-05 01:58:38,654 - INFO - [K=1] Trial 41: 测试参数 {'H': 4, 'pop_size': 17, 'max_iter': 15, 'w_start': 0.7622545458754644, 'w_end': 0.4024485054784538, 'c1': 1.1724117726186867, 'c2': 1.2205125667806924, 'penalty_coef': 1292.9382382464137}
2026-04-05 01:59:08,760 - INFO - [K=1] Trial 41: 时间=29.94h, 10h率=8.0%, 40h率=54.0%, 耗时=30.1s
2026-04-05 01:59:08,826 - INFO - [K=1] Trial 42: 测试参数 {'H': 4, 'pop_size': 19, 'max_iter': 15, 'w_start': 0.7418485961236909, 'w_end': 0.39428858989013515, 'c1': 1.1179301997587028, 'c2': 1.0781307501546618, 'penalty_coef': 1506.367158069146}
2026-04-05 01:59:41,421 - INFO - [K=1] Trial 42: 时间=28.32h, 10h率=12.0%, 40h率=64.0%, 耗时=32.6s
2026-04-05 01:59:41,483 - INFO - [K=1] Trial 43: 测试参数 {'H': 3, 'pop_size': 21, 'max_iter': 17, 'w_start': 0.78505602568038, 'w_end': 0.4217893729262908, 'c1': 1.213167790227152, 'c2': 1.1697870727617543, 'penalty_coef': 1651.993265885908}
2026-04-05 02:00:15,136 - INFO - [K=1] Trial 43: 时间=26.36h, 10h率=22.0%, 40h率=56.0%, 耗时=33.6s
2026-04-05 02:00:15,203 - INFO - [K=1] Trial 44: 测试参数 {'H': 3, 'pop_size': 17, 'max_iter': 17, 'w_start': 0.7880273217075991, 'w_end': 0.4228278411726532, 'c1': 1.207314692624345, 'c2': 0.9515394237090332, 'penalty_coef': 1647.9830124836271}
2026-04-05 02:00:45,177 - INFO - [K=1] Trial 44: 时间=25.63h, 10h率=14.0%, 40h率=70.0%, 耗时=29.9s
2026-04-05 02:00:45,260 - INFO - [K=1] Trial 45: 测试参数 {'H': 3, 'pop_size': 17, 'max_iter': 17, 'w_start': 0.7839286733010824, 'w_end': 0.421069321022615, 'c1': 1.2248263610284538, 'c2': 0.921646534460899, 'penalty_coef': 1637.807573594832}
2026-04-05 02:01:23,129 - INFO - [K=1] Trial 45: 时间=26.85h, 10h率=16.0%, 40h率=60.0%, 耗时=37.8s
2026-04-05 02:01:23,190 - INFO - [K=1] Trial 46: 测试参数 {'H': 3, 'pop_size': 17, 'max_iter': 17, 'w_start': 0.7659673487608321, 'w_end': 0.3674524250982351, 'c1': 1.123122718229509, 'c2': 1.1641516464877313, 'penalty_coef': 1724.1076737807002}
2026-04-05 02:02:01,186 - INFO - [K=1] Trial 46: 时间=29.75h, 10h率=12.0%, 40h率=56.0%, 耗时=37.9s
2026-04-05 02:02:01,270 - INFO - [K=1] Trial 47: 测试参数 {'H': 3, 'pop_size': 19, 'max_iter': 17, 'w_start': 0.8006833210117105, 'w_end': 0.42348228652666475, 'c1': 1.198076139996645, 'c2': 1.0175587086706055, 'penalty_coef': 1414.4228037060598}
2026-04-05 02:02:43,635 - INFO - [K=1] Trial 47: 时间=29.11h, 10h率=10.0%, 40h率=60.0%, 耗时=42.3s
2026-04-05 02:02:43,726 - INFO - [K=1] Trial 48: 测试参数 {'H': 3, 'pop_size': 15, 'max_iter': 17, 'w_start': 0.7501888897724858, 'w_end': 0.44704157536231376, 'c1': 1.3143712519037105, 'c2': 0.9618564530065131, 'penalty_coef': 1898.1825756473893}
2026-04-05 02:03:14,052 - INFO - [K=1] Trial 48: 时间=28.37h, 10h率=12.0%, 40h率=52.0%, 耗时=30.3s
2026-04-05 02:03:14,137 - INFO - [K=1] Trial 49: 测试参数 {'H': 5, 'pop_size': 17, 'max_iter': 19, 'w_start': 0.7291286867885167, 'w_end': 0.37545422915628507, 'c1': 1.0851381424009257, 'c2': 1.2825452042784398, 'penalty_coef': 1055.5035538083055}
2026-04-05 02:03:46,832 - INFO - [K=1] Trial 49: 时间=28.44h, 10h率=14.0%, 40h率=56.0%, 耗时=32.7s
2026-04-05 02:03:46,862 - INFO - 结果已保存到: results_K1
2026-04-05 02:03:46,862 - INFO - 
============================================================
2026-04-05 02:03:46,862 - INFO - [K=1] CC-MPSO调参完成！最佳结果
2026-04-05 02:03:46,862 - INFO - ============================================================
2026-04-05 02:03:46,864 - INFO - 最佳平均发现时间: 24.89 小时
2026-04-05 02:03:46,864 - INFO - 
最佳参数组合:
2026-04-05 02:03:46,865 - INFO -   H = 3
2026-04-05 02:03:46,865 - INFO -   pop_size = 25
2026-04-05 02:03:46,865 - INFO -   max_iter = 15
2026-04-05 02:03:46,865 - INFO -   w_start = 0.9273301005196954
2026-04-05 02:03:46,865 - INFO -   w_end = 0.19057299356000593
2026-04-05 02:03:46,865 - INFO -   c1 = 1.7950267412247785
2026-04-05 02:03:46,865 - INFO -   c2 = 1.1740532913072932
2026-04-05 02:03:46,865 - INFO -   penalty_coef = 1800.170052944527
