2026-04-05 02:03:46,877 - INFO - 搜索空间: {'H': {'type': 'int', 'low': 3, 'high': 7, 'step': 1}, 'pop_size': {'type': 'int', 'low': 15, 'high': 35, 'step': 2}, 'max_iter': {'type': 'int', 'low': 15, 'high': 35, 'step': 2}, 'w_start': {'type': 'float', 'low': 0.7, 'high': 0.95}, 'w_end': {'type': 'float', 'low': 0.1, 'high': 0.45}, 'c1': {'type': 'float', 'low': 1.0, 'high': 2.2}, 'c2': {'type': 'float', 'low': 0.8, 'high': 2.0}, 'penalty_coef': {'type': 'float', 'low': 500, 'high': 3000}}
2026-04-05 02:03:47,061 - INFO - 开始优化 K=2 - 试验次数: 50
2026-04-05 02:03:47,132 - INFO - [K=2] Trial 0: 测试参数 {'H': 4, 'pop_size': 35, 'max_iter': 31, 'w_start': 0.8496646210492591, 'w_end': 0.1546065241548528, 'c1': 1.1871934244034432, 'c2': 0.8697003346018394, 'penalty_coef': 2665.440364437338}
2026-04-05 02:05:59,281 - INFO - [K=2] Trial 0: 时间=18.97h, 10h率=36.0%, 40h率=88.0%, 耗时=132.1s
2026-04-05 02:05:59,281 - INFO - [K=2] 新的最佳值: 18.97h
2026-04-05 02:05:59,344 - INFO - [K=2] Trial 1: 测试参数 {'H': 6, 'pop_size': 29, 'max_iter': 15, 'w_start': 0.9424774630404985, 'w_end': 0.3913549242801476, 'c1': 1.2548069328139313, 'c2': 1.0181899606485207, 'penalty_coef': 958.5112746335845}
2026-04-05 02:07:02,982 - INFO - [K=2] Trial 1: 时间=19.69h, 10h率=30.0%, 40h率=84.0%, 耗时=63.6s
2026-04-05 02:07:03,049 - INFO - [K=2] Trial 2: 测试参数 {'H': 4, 'pop_size': 25, 'max_iter': 23, 'w_start': 0.7728072850495105, 'w_end': 0.3141485131528328, 'c1': 1.1673926327824502, 'c2': 1.1505735782422617, 'penalty_coef': 1415.9046082342293}
2026-04-05 02:08:18,022 - INFO - [K=2] Trial 2: 时间=22.27h, 10h率=22.0%, 40h率=72.0%, 耗时=74.9s
2026-04-05 02:08:18,078 - INFO - [K=2] Trial 3: 测试参数 {'H': 5, 'pop_size': 31, 'max_iter': 19, 'w_start': 0.8285586096034029, 'w_end': 0.30734509910171487, 'c1': 1.0557404952639973, 'c2': 1.529053822281726, 'penalty_coef': 926.3103092182289}
2026-04-05 02:09:37,473 - INFO - [K=2] Trial 3: 时间=22.38h, 10h率=20.0%, 40h率=76.0%, 耗时=79.4s
2026-04-05 02:09:37,522 - INFO - [K=2] Trial 4: 测试参数 {'H': 3, 'pop_size': 35, 'max_iter': 35, 'w_start': 0.9020993370291153, 'w_end': 0.20661481921067976, 'c1': 1.1172065368076607, 'c2': 1.6210796318145881, 'penalty_coef': 1600.3812343490033}
2026-04-05 02:12:24,286 - INFO - [K=2] Trial 4: 时间=20.79h, 10h率=20.0%, 40h率=84.0%, 耗时=166.7s
2026-04-05 02:12:24,356 - INFO - [K=2] Trial 5: 测试参数 {'H': 3, 'pop_size': 25, 'max_iter': 15, 'w_start': 0.9273301005196954, 'w_end': 0.19057299356000593, 'c1': 1.7950267412247785, 'c2': 1.1740532913072932, 'penalty_coef': 1800.170052944527}
2026-04-05 02:13:22,122 - INFO - [K=2] Trial 5: 时间=19.59h, 10h率=28.0%, 40h率=78.0%, 耗时=57.7s
2026-04-05 02:13:22,184 - INFO - [K=2] Trial 6: 测试参数 {'H': 5, 'pop_size': 19, 'max_iter': 35, 'w_start': 0.8937832058402786, 'w_end': 0.42882462954746614, 'c1': 2.073792820513179, 'c2': 1.5174799745733023, 'penalty_coef': 2804.685587557792}
2026-04-05 02:15:00,935 - INFO - [K=2] Trial 6: 时间=23.64h, 10h率=16.0%, 40h率=78.0%, 耗时=98.7s
2026-04-05 02:15:00,988 - INFO - [K=2] Trial 7: 测试参数 {'H': 3, 'pop_size': 19, 'max_iter': 15, 'w_start': 0.7813325826908161, 'w_end': 0.2360370513913187, 'c1': 1.325618838128675, 'c2': 1.7944850109823152, 'penalty_coef': 1391.883316733973}
2026-04-05 02:15:46,526 - INFO - [K=2] Trial 7: 时间=20.62h, 10h率=28.0%, 40h率=82.0%, 耗时=45.5s
2026-04-05 02:15:46,576 - INFO - [K=2] Trial 8: 测试参数 {'H': 4, 'pop_size': 25, 'max_iter': 17, 'w_start': 0.9005492451885099, 'w_end': 0.1260927252879198, 'c1': 2.1842643239206208, 'c2': 1.726693723155989, 'penalty_coef': 996.789203835431}
2026-04-05 02:16:49,305 - INFO - [K=2] Trial 8: 时间=21.71h, 10h率=20.0%, 40h率=82.0%, 耗时=62.6s
2026-04-05 02:16:49,377 - INFO - [K=2] Trial 9: 测试参数 {'H': 3, 'pop_size': 31, 'max_iter': 29, 'w_start': 0.8822517920102468, 'w_end': 0.369944621340081, 'c1': 1.0888535820809084, 'c2': 1.230158874253127, 'penalty_coef': 789.6726488128243}
2026-04-05 02:19:00,713 - INFO - [K=2] Trial 9: 时间=25.28h, 10h率=22.0%, 40h率=68.0%, 耗时=131.3s
2026-04-05 02:19:00,769 - INFO - [K=2] Trial 10: 测试参数 {'H': 7, 'pop_size': 15, 'max_iter': 29, 'w_start': 0.7044904689037049, 'w_end': 0.10537870806483651, 'c1': 1.525697112954196, 'c2': 0.8181730845233083, 'penalty_coef': 2940.349749644988}
2026-04-05 02:20:00,743 - INFO - [K=2] Trial 10: 时间=24.01h, 10h率=16.0%, 40h率=70.0%, 耗时=60.0s
2026-04-05 02:20:00,801 - INFO - [K=2] Trial 11: 测试参数 {'H': 4, 'pop_size': 25, 'max_iter': 29, 'w_start': 0.8396311826948225, 'w_end': 0.18170650023889237, 'c1': 1.8115628310637102, 'c2': 0.8565923388060649, 'penalty_coef': 2252.392624529055}
2026-04-05 02:21:18,981 - INFO - [K=2] Trial 11: 时间=19.61h, 10h率=30.0%, 40h率=94.0%, 耗时=78.2s
2026-04-05 02:21:19,050 - INFO - [K=2] Trial 12: 测试参数 {'H': 4, 'pop_size': 35, 'max_iter': 23, 'w_start': 0.9395026695925992, 'w_end': 0.16410399670892462, 'c1': 1.8274439213447704, 'c2': 1.2902440604269352, 'penalty_coef': 2192.045145239037}
2026-04-05 02:22:49,653 - INFO - [K=2] Trial 12: 时间=19.10h, 10h率=34.0%, 40h率=80.0%, 耗时=90.6s
2026-04-05 02:22:49,719 - INFO - [K=2] Trial 13: 测试参数 {'H': 5, 'pop_size': 35, 'max_iter': 23, 'w_start': 0.8611986340017526, 'w_end': 0.15047156148791033, 'c1': 1.5283288110328694, 'c2': 1.9992349263698617, 'penalty_coef': 2427.6362145000467}
2026-04-05 02:24:30,443 - INFO - [K=2] Trial 13: 时间=21.52h, 10h率=30.0%, 40h率=76.0%, 耗时=100.7s
2026-04-05 02:24:30,504 - INFO - [K=2] Trial 14: 测试参数 {'H': 4, 'pop_size': 35, 'max_iter': 25, 'w_start': 0.7873671803771755, 'w_end': 0.25986029685370327, 'c1': 1.896125535427881, 'c2': 1.3448246812688924, 'penalty_coef': 2204.207706806266}
2026-04-05 02:26:35,598 - INFO - [K=2] Trial 14: 时间=22.25h, 10h率=26.0%, 40h率=76.0%, 耗时=125.1s
2026-04-05 02:26:35,656 - INFO - [K=2] Trial 15: 测试参数 {'H': 6, 'pop_size': 31, 'max_iter': 31, 'w_start': 0.7413890703463444, 'w_end': 0.14188441050845169, 'c1': 1.3920812706885322, 'c2': 0.9619849952932358, 'penalty_coef': 2486.613410280222}
2026-04-05 02:29:04,521 - INFO - [K=2] Trial 15: 时间=22.15h, 10h率=20.0%, 40h率=84.0%, 耗时=148.8s
2026-04-05 02:29:04,578 - INFO - [K=2] Trial 16: 测试参数 {'H': 4, 'pop_size': 29, 'max_iter': 21, 'w_start': 0.8079655111401967, 'w_end': 0.23058779670418703, 'c1': 1.6608860999298694, 'c2': 1.359105567255156, 'penalty_coef': 1965.3985744844792}
2026-04-05 02:30:21,381 - INFO - [K=2] Trial 16: 时间=18.98h, 10h率=38.0%, 40h率=80.0%, 耗时=76.8s
2026-04-05 02:30:21,451 - INFO - [K=2] Trial 17: 测试参数 {'H': 6, 'pop_size': 29, 'max_iter': 19, 'w_start': 0.8119547333165159, 'w_end': 0.2248304084420067, 'c1': 1.6715390717161402, 'c2': 0.9929892137720892, 'penalty_coef': 1892.8911187894716}
2026-04-05 02:31:31,967 - INFO - [K=2] Trial 17: 时间=22.12h, 10h率=12.0%, 40h率=82.0%, 耗时=70.5s
2026-04-05 02:31:32,040 - INFO - [K=2] Trial 18: 测试参数 {'H': 4, 'pop_size': 29, 'max_iter': 33, 'w_start': 0.856619728387904, 'w_end': 0.28903325703975785, 'c1': 1.633809106035239, 'c2': 1.481029575043979, 'penalty_coef': 2696.289936760006}
2026-04-05 02:33:24,149 - INFO - [K=2] Trial 18: 时间=19.85h, 10h率=32.0%, 40h率=78.0%, 耗时=112.1s
2026-04-05 02:33:24,213 - INFO - [K=2] Trial 19: 测试参数 {'H': 5, 'pop_size': 21, 'max_iter': 27, 'w_start': 0.8059972885065272, 'w_end': 0.2508987365445899, 'c1': 1.41892476079516, 'c2': 1.0935689162997428, 'penalty_coef': 1920.7216406294947}
2026-04-05 02:34:41,881 - INFO - [K=2] Trial 19: 时间=22.72h, 10h率=24.0%, 40h率=74.0%, 耗时=77.6s
2026-04-05 02:34:41,960 - INFO - [K=2] Trial 20: 测试参数 {'H': 5, 'pop_size': 33, 'max_iter': 21, 'w_start': 0.7503409052307207, 'w_end': 0.3366384914064728, 'c1': 2.021361072847661, 'c2': 1.9725236464191218, 'penalty_coef': 2538.2965184948703}
2026-04-05 02:36:23,654 - INFO - [K=2] Trial 20: 时间=23.07h, 10h率=20.0%, 40h率=78.0%, 耗时=101.6s
2026-04-05 02:36:23,733 - INFO - [K=2] Trial 21: 测试参数 {'H': 4, 'pop_size': 33, 'max_iter': 25, 'w_start': 0.8664767268594679, 'w_end': 0.16588932729957795, 'c1': 1.727061592337569, 'c2': 1.293969358207551, 'penalty_coef': 2135.820107754286}
2026-04-05 02:38:12,260 - INFO - [K=2] Trial 21: 时间=19.91h, 10h率=38.0%, 40h率=78.0%, 耗时=108.5s
2026-04-05 02:38:12,315 - INFO - [K=2] Trial 22: 测试参数 {'H': 4, 'pop_size': 33, 'max_iter': 21, 'w_start': 0.9222071097227686, 'w_end': 0.21091733057584267, 'c1': 1.9226462281093775, 'c2': 1.387385490528482, 'penalty_coef': 2064.2365890688384}
2026-04-05 02:39:54,743 - INFO - [K=2] Trial 22: 时间=22.36h, 10h率=22.0%, 40h率=76.0%, 耗时=102.4s
2026-04-05 02:39:54,806 - INFO - [K=2] Trial 23: 测试参数 {'H': 3, 'pop_size': 27, 'max_iter': 23, 'w_start': 0.8407077084100785, 'w_end': 0.1703059034866026, 'c1': 1.5372252780769877, 'c2': 1.2721467320688427, 'penalty_coef': 2370.44838512443}
2026-04-05 02:41:16,528 - INFO - [K=2] Trial 23: 时间=21.66h, 10h率=24.0%, 40h率=78.0%, 耗时=81.7s
2026-04-05 02:41:16,588 - INFO - [K=2] Trial 24: 测试参数 {'H': 4, 'pop_size': 35, 'max_iter': 27, 'w_start': 0.9493674571202433, 'w_end': 0.10712802831154387, 'c1': 1.8732850644054528, 'c2': 1.4170949752198863, 'penalty_coef': 2990.2376666281652}
2026-04-05 02:43:14,428 - INFO - [K=2] Trial 24: 时间=20.81h, 10h率=26.0%, 40h率=78.0%, 耗时=117.8s
2026-04-05 02:43:14,495 - INFO - [K=2] Trial 25: 测试参数 {'H': 4, 'pop_size': 33, 'max_iter': 21, 'w_start': 0.8036479391487343, 'w_end': 0.20250934193413095, 'c1': 1.7320344705237853, 'c2': 1.098860422300819, 'penalty_coef': 2652.560007418212}
2026-04-05 02:44:53,824 - INFO - [K=2] Trial 25: 时间=21.71h, 10h率=16.0%, 40h率=78.0%, 耗时=99.3s
2026-04-05 02:44:53,885 - INFO - [K=2] Trial 26: 测试参数 {'H': 3, 'pop_size': 27, 'max_iter': 25, 'w_start': 0.7622159219936258, 'w_end': 0.1421524002680693, 'c1': 1.4438618824024751, 'c2': 1.6401871961500794, 'penalty_coef': 2069.13142541688}
2026-04-05 02:46:24,283 - INFO - [K=2] Trial 26: 时间=20.26h, 10h率=28.0%, 40h率=82.0%, 耗时=90.3s
2026-04-05 02:46:24,361 - INFO - [K=2] Trial 27: 测试参数 {'H': 5, 'pop_size': 23, 'max_iter': 19, 'w_start': 0.9186776488692844, 'w_end': 0.2673094781736854, 'c1': 1.222449282255897, 'c2': 0.9080345440203543, 'penalty_coef': 1709.3635307159216}
2026-04-05 02:47:20,754 - INFO - [K=2] Trial 27: 时间=22.37h, 10h率=22.0%, 40h率=80.0%, 耗时=56.4s
2026-04-05 02:47:20,816 - INFO - [K=2] Trial 28: 测试参数 {'H': 4, 'pop_size': 31, 'max_iter': 31, 'w_start': 0.7256158313675946, 'w_end': 0.23093365056132942, 'c1': 1.9998902334959057, 'c2': 1.0572639174030753, 'penalty_coef': 1469.3885787950067}
2026-04-05 02:49:22,600 - INFO - [K=2] Trial 28: 时间=20.84h, 10h率=34.0%, 40h率=80.0%, 耗时=121.8s
2026-04-05 02:49:22,667 - INFO - [K=2] Trial 29: 测试参数 {'H': 7, 'pop_size': 27, 'max_iter': 17, 'w_start': 0.8180376036370139, 'w_end': 0.15577224789209737, 'c1': 1.0108798747506103, 'c2': 1.2235882315312925, 'penalty_coef': 2311.0827717035027}
2026-04-05 02:50:28,064 - INFO - [K=2] Trial 29: 时间=22.14h, 10h率=30.0%, 40h率=74.0%, 耗时=65.4s
2026-04-05 02:50:28,119 - INFO - [K=2] Trial 30: 测试参数 {'H': 5, 'pop_size': 29, 'max_iter': 27, 'w_start': 0.8738245942466547, 'w_end': 0.12316794740387095, 'c1': 1.5866397953899347, 'c2': 0.9246482322516316, 'penalty_coef': 1161.792999511698}
2026-04-05 02:52:29,135 - INFO - [K=2] Trial 30: 时间=25.69h, 10h率=18.0%, 40h率=70.0%, 耗时=120.9s
2026-04-05 02:52:29,211 - INFO - [K=2] Trial 31: 测试参数 {'H': 3, 'pop_size': 23, 'max_iter': 15, 'w_start': 0.9316989277543424, 'w_end': 0.18261664202311792, 'c1': 1.7862066402219403, 'c2': 1.1627470674064557, 'penalty_coef': 1867.6625603652094}
2026-04-05 02:53:26,927 - INFO - [K=2] Trial 31: 时间=22.00h, 10h率=30.0%, 40h率=76.0%, 耗时=57.7s
2026-04-05 02:53:26,984 - INFO - [K=2] Trial 32: 测试参数 {'H': 3, 'pop_size': 23, 'max_iter': 17, 'w_start': 0.930201494324349, 'w_end': 0.18529784301286797, 'c1': 1.802138611152708, 'c2': 1.3733683003026267, 'penalty_coef': 1630.2475989124841}
2026-04-05 02:54:17,287 - INFO - [K=2] Trial 32: 时间=19.78h, 10h率=30.0%, 40h率=90.0%, 耗时=50.3s
2026-04-05 02:54:17,349 - INFO - [K=2] Trial 33: 测试参数 {'H': 3, 'pop_size': 33, 'max_iter': 23, 'w_start': 0.9394155812193853, 'w_end': 0.19729206057289542, 'c1': 1.6984964523480919, 'c2': 1.1530940319530718, 'penalty_coef': 563.3914960985669}
2026-04-05 02:56:03,994 - INFO - [K=2] Trial 33: 时间=22.88h, 10h率=26.0%, 40h率=78.0%, 耗时=106.6s
2026-04-05 02:56:04,056 - INFO - [K=2] Trial 34: 测试参数 {'H': 4, 'pop_size': 29, 'max_iter': 19, 'w_start': 0.9174329319517192, 'w_end': 0.21531443725454336, 'c1': 1.6083933081122475, 'c2': 1.4341341494946356, 'penalty_coef': 1972.7064693791406}
2026-04-05 02:57:18,979 - INFO - [K=2] Trial 34: 时间=22.67h, 10h率=30.0%, 40h率=80.0%, 耗时=74.9s
2026-04-05 02:57:19,046 - INFO - [K=2] Trial 35: 测试参数 {'H': 3, 'pop_size': 35, 'max_iter': 21, 'w_start': 0.8902128059228003, 'w_end': 0.2825172825929491, 'c1': 1.9551373650188575, 'c2': 1.5840573910298044, 'penalty_coef': 1784.3361899379722}
2026-04-05 02:59:03,930 - INFO - [K=2] Trial 35: 时间=22.13h, 10h率=26.0%, 40h率=76.0%, 耗时=104.9s
2026-04-05 02:59:03,986 - INFO - [K=2] Trial 36: 测试参数 {'H': 4, 'pop_size': 27, 'max_iter': 33, 'w_start': 0.9093704006086517, 'w_end': 0.2399364835980405, 'c1': 1.272310244919464, 'c2': 1.1996234871680522, 'penalty_coef': 1491.0511345473117}
2026-04-05 03:00:54,976 - INFO - [K=2] Trial 36: 时间=21.70h, 10h率=24.0%, 40h率=86.0%, 耗时=111.0s
2026-04-05 03:00:55,047 - INFO - [K=2] Trial 37: 测试参数 {'H': 3, 'pop_size': 15, 'max_iter': 15, 'w_start': 0.8346388337619841, 'w_end': 0.13388808827990814, 'c1': 2.118695217761643, 'c2': 1.2938410679707422, 'penalty_coef': 2616.3269855087774}
2026-04-05 03:01:36,003 - INFO - [K=2] Trial 37: 时间=23.30h, 10h率=22.0%, 40h率=82.0%, 耗时=40.9s
2026-04-05 03:01:36,078 - INFO - [K=2] Trial 38: 测试参数 {'H': 6, 'pop_size': 21, 'max_iter': 17, 'w_start': 0.787803803470729, 'w_end': 0.42993706170128104, 'c1': 1.8350641665253158, 'c2': 1.0498394291031103, 'penalty_coef': 1296.2863186831883}
2026-04-05 03:02:29,578 - INFO - [K=2] Trial 38: 时间=20.53h, 10h率=26.0%, 40h率=82.0%, 耗时=53.5s
2026-04-05 03:02:29,637 - INFO - [K=2] Trial 39: 测试参数 {'H': 4, 'pop_size': 31, 'max_iter': 25, 'w_start': 0.8896332212103678, 'w_end': 0.31374273319244605, 'c1': 1.766775748106569, 'c2': 1.5156187478802607, 'penalty_coef': 1754.6475118256747}
2026-04-05 03:04:37,705 - INFO - [K=2] Trial 39: 时间=24.14h, 10h率=22.0%, 40h率=72.0%, 耗时=128.0s
2026-04-05 03:04:37,773 - INFO - [K=2] Trial 40: 测试参数 {'H': 5, 'pop_size': 25, 'max_iter': 23, 'w_start': 0.8506704226864787, 'w_end': 0.16796773450795405, 'c1': 1.1676244656227377, 'c2': 1.3237223294688987, 'penalty_coef': 2024.9513118852528}
2026-04-05 03:06:06,325 - INFO - [K=2] Trial 40: 时间=25.13h, 10h率=18.0%, 40h率=76.0%, 耗时=88.5s
2026-04-05 03:06:06,388 - INFO - [K=2] Trial 41: 测试参数 {'H': 4, 'pop_size': 21, 'max_iter': 29, 'w_start': 0.8440038869584798, 'w_end': 0.18460739528362194, 'c1': 1.8422262577218695, 'c2': 0.8310200727058246, 'penalty_coef': 2250.373421155614}
2026-04-05 03:07:17,832 - INFO - [K=2] Trial 41: 时间=21.06h, 10h率=24.0%, 40h率=82.0%, 耗时=71.4s
2026-04-05 03:07:17,898 - INFO - [K=2] Trial 42: 测试参数 {'H': 4, 'pop_size': 25, 'max_iter': 31, 'w_start': 0.821015850044075, 'w_end': 0.18940049831823652, 'c1': 1.952424310821695, 'c2': 0.8707315775710346, 'penalty_coef': 2751.1380770340643}
2026-04-05 03:08:56,651 - INFO - [K=2] Trial 42: 时间=21.19h, 10h率=24.0%, 40h率=84.0%, 耗时=98.7s
2026-04-05 03:08:56,713 - INFO - [K=2] Trial 43: 测试参数 {'H': 5, 'pop_size': 23, 'max_iter': 27, 'w_start': 0.8272295812961653, 'w_end': 0.21628254172068792, 'c1': 1.6668966351361425, 'c2': 0.8079186808235601, 'penalty_coef': 2856.8307587063728}
2026-04-05 03:10:26,429 - INFO - [K=2] Trial 43: 时间=23.15h, 10h率=14.0%, 40h率=78.0%, 耗时=89.7s
2026-04-05 03:10:26,487 - INFO - [K=2] Trial 44: 测试参数 {'H': 3, 'pop_size': 25, 'max_iter': 33, 'w_start': 0.792931739733893, 'w_end': 0.1210332098210897, 'c1': 1.7572914185247284, 'c2': 0.9737837129329583, 'penalty_coef': 2169.3193762432766}
2026-04-05 03:12:07,270 - INFO - [K=2] Trial 44: 时间=20.09h, 10h率=28.0%, 40h率=90.0%, 耗时=100.7s
2026-04-05 03:12:07,337 - INFO - [K=2] Trial 45: 测试参数 {'H': 4, 'pop_size': 27, 'max_iter': 29, 'w_start': 0.7742479045156838, 'w_end': 0.15840965544264823, 'c1': 1.461166411552121, 'c2': 1.028275628560334, 'penalty_coef': 2475.5870367762295}
2026-04-05 03:13:44,709 - INFO - [K=2] Trial 45: 时间=22.23h, 10h率=26.0%, 40h率=84.0%, 耗时=97.4s
2026-04-05 03:13:44,770 - INFO - [K=2] Trial 46: 测试参数 {'H': 4, 'pop_size': 31, 'max_iter': 35, 'w_start': 0.9030390594294648, 'w_end': 0.1732262578230713, 'c1': 1.56925881479896, 'c2': 0.879221136446501, 'penalty_coef': 2291.714645337671}
2026-04-05 03:16:04,437 - INFO - [K=2] Trial 46: 时间=21.06h, 10h率=28.0%, 40h率=82.0%, 耗时=139.6s
2026-04-05 03:16:04,498 - INFO - [K=2] Trial 47: 测试参数 {'H': 3, 'pop_size': 17, 'max_iter': 29, 'w_start': 0.8657530193695994, 'w_end': 0.23969427494203666, 'c1': 1.8502189227102215, 'c2': 1.1004778218546345, 'penalty_coef': 1574.8025290789274}
2026-04-05 03:17:07,251 - INFO - [K=2] Trial 47: 时间=22.20h, 10h率=26.0%, 40h率=78.0%, 耗时=62.7s
2026-04-05 03:17:07,314 - INFO - [K=2] Trial 48: 测试参数 {'H': 5, 'pop_size': 35, 'max_iter': 31, 'w_start': 0.8779853421000987, 'w_end': 0.20172388336317165, 'c1': 1.6622978511235655, 'c2': 1.4610654525555862, 'penalty_coef': 2386.7326129649414}
2026-04-05 03:19:39,177 - INFO - [K=2] Trial 48: 时间=22.55h, 10h率=34.0%, 40h率=72.0%, 耗时=151.8s
2026-04-05 03:19:39,252 - INFO - [K=2] Trial 49: 测试参数 {'H': 4, 'pop_size': 29, 'max_iter': 23, 'w_start': 0.9497881501935445, 'w_end': 0.1455728608730725, 'c1': 1.33110614081568, 'c2': 0.9482461926255484, 'penalty_coef': 1864.2608220454938}
2026-04-05 03:21:05,877 - INFO - [K=2] Trial 49: 时间=22.11h, 10h率=24.0%, 40h率=78.0%, 耗时=86.6s
2026-04-05 03:21:05,894 - INFO - 结果已保存到: results_K2
2026-04-05 03:21:05,894 - INFO - 
============================================================
2026-04-05 03:21:05,894 - INFO - [K=2] CC-MPSO调参完成！最佳结果
2026-04-05 03:21:05,894 - INFO - ============================================================
2026-04-05 03:21:05,894 - INFO - 最佳平均发现时间: 18.97 小时
2026-04-05 03:21:05,895 - INFO - 
最佳参数组合:
2026-04-05 03:21:05,895 - INFO -   H = 4
2026-04-05 03:21:05,895 - INFO -   pop_size = 35
2026-04-05 03:21:05,895 - INFO -   max_iter = 31
2026-04-05 03:21:05,895 - INFO -   w_start = 0.8496646210492591
2026-04-05 03:21:05,895 - INFO -   w_end = 0.1546065241548528
2026-04-05 03:21:05,895 - INFO -   c1 = 1.1871934244034432
2026-04-05 03:21:05,895 - INFO -   c2 = 0.8697003346018394
2026-04-05 03:21:05,895 - INFO -   penalty_coef = 2665.440364437338
