2026-04-03 18:59:37,517 - INFO - ================================================================================
2026-04-03 18:59:37,518 - INFO - 当前配置参数:
2026-04-03 18:59:37,518 - INFO -   K_LIST = [2, 3, 4, 5, 6, 7, 8, 9]
2026-04-03 18:59:37,518 - INFO -   N_SIM_PER_K = 5000
2026-04-03 18:59:37,518 - INFO -   H = 6
2026-04-03 18:59:37,518 - INFO -   pop_size = 12
2026-04-03 18:59:37,518 - INFO -   max_iter = 20
2026-04-03 18:59:37,518 - INFO -   coop_gap = 5
2026-04-03 18:59:37,518 - INFO -   w_start = 0.9, w_end = 0.4
2026-04-03 18:59:37,518 - INFO -   c1 = 1.5, c2 = 1.5
2026-04-03 18:59:37,519 - INFO -   penalty_coef = 1000.0
2026-04-03 18:59:37,519 - INFO -   USE_ADAPTIVE_H = False
2026-04-03 18:59:37,519 - INFO -   USE_EARLY_STOP = False
2026-04-03 18:59:37,519 - INFO -   N_PROCESSES = None
2026-04-03 18:59:37,520 - INFO - ================================================================================
2026-04-03 18:59:37,520 - INFO - ============================================================
2026-04-03 18:59:37,520 - INFO - BZK-005无人机协同搜索 - 批量测试版
2026-04-03 18:59:37,520 - INFO - CPU核心数: 32
2026-04-03 18:59:37,520 - INFO - 将依次测试 K = [2, 3, 4, 5, 6, 7, 8, 9]
2026-04-03 18:59:37,520 - INFO - 每个K运行 5000 次仿真
2026-04-03 18:59:37,520 - INFO - ============================================================
2026-04-03 18:59:37,520 - INFO - 
使用 6 个进程并行计算
2026-04-03 18:59:37,520 - INFO - 
============================================================
2026-04-03 18:59:37,520 - INFO - 开始测试 K = 2
2026-04-03 18:59:37,520 - INFO - 仿真次数: 5000
2026-04-03 18:59:37,520 - INFO - ============================================================
2026-04-03 21:03:51,547 - INFO - 
K=2 测试完成!
2026-04-03 21:03:51,551 - INFO -   耗时: 7454.00 秒 (2.07 小时)
2026-04-03 21:03:51,551 - INFO -   平均发现时间: 23.57 ± 12.97 小时
2026-04-03 21:03:51,552 - INFO -   95% 置信区间: [23.21, 23.93] 小时
2026-04-03 21:03:51,552 - INFO -   40小时内发现率: 74.8%
2026-04-03 21:03:51,552 - INFO -   10小时内发现率: 20.4%
2026-04-03 21:03:51,570 - INFO - 
总进度: 1/8
2026-04-03 21:03:51,570 - INFO - 已用时间: 2.07 小时
2026-04-03 21:03:51,571 - INFO - 预计剩余: 14.49 小时
2026-04-03 21:03:51,571 - INFO - 
============================================================
2026-04-03 21:03:51,571 - INFO - 开始测试 K = 3
2026-04-03 21:03:51,571 - INFO - 仿真次数: 5000
2026-04-03 21:03:51,571 - INFO - ============================================================
