2026-04-05 03:21:05,897 - INFO - 搜索空间: {'H': {'type': 'int', 'low': 3, 'high': 7, 'step': 1}, 'pop_size': {'type': 'int', 'low': 15, 'high': 35, 'step': 2}, 'max_iter': {'type': 'int', 'low': 15, 'high': 35, 'step': 2}, 'w_start': {'type': 'float', 'low': 0.7, 'high': 0.95}, 'w_end': {'type': 'float', 'low': 0.1, 'high': 0.45}, 'c1': {'type': 'float', 'low': 1.0, 'high': 2.2}, 'c2': {'type': 'float', 'low': 0.8, 'high': 2.0}, 'penalty_coef': {'type': 'float', 'low': 500, 'high': 3000}}
2026-04-05 03:21:06,046 - INFO - 开始优化 K=3 - 试验次数: 50
2026-04-05 03:21:06,107 - INFO - [K=3] Trial 0: 测试参数 {'H': 4, 'pop_size': 35, 'max_iter': 31, 'w_start': 0.8496646210492591, 'w_end': 0.1546065241548528, 'c1': 1.1871934244034432, 'c2': 0.8697003346018394, 'penalty_coef': 2665.440364437338}
2026-04-05 03:23:54,433 - INFO - [K=3] Trial 0: 时间=17.38h, 10h率=30.0%, 40h率=98.0%, 耗时=168.2s
2026-04-05 03:23:54,433 - INFO - [K=3] 新的最佳值: 17.38h
2026-04-05 03:23:54,516 - INFO - [K=3] Trial 1: 测试参数 {'H': 6, 'pop_size': 29, 'max_iter': 15, 'w_start': 0.9424774630404985, 'w_end': 0.3913549242801476, 'c1': 1.2548069328139313, 'c2': 1.0181899606485207, 'penalty_coef': 958.5112746335845}
2026-04-05 03:25:32,430 - INFO - [K=3] Trial 1: 时间=19.35h, 10h率=32.0%, 40h率=82.0%, 耗时=97.8s
2026-04-05 03:25:32,503 - INFO - [K=3] Trial 2: 测试参数 {'H': 4, 'pop_size': 25, 'max_iter': 23, 'w_start': 0.7728072850495105, 'w_end': 0.3141485131528328, 'c1': 1.1673926327824502, 'c2': 1.1505735782422617, 'penalty_coef': 1415.9046082342293}
2026-04-05 03:27:01,980 - INFO - [K=3] Trial 2: 时间=17.42h, 10h率=28.0%, 40h率=94.0%, 耗时=89.5s
2026-04-05 03:27:02,036 - INFO - [K=3] Trial 3: 测试参数 {'H': 5, 'pop_size': 31, 'max_iter': 19, 'w_start': 0.8285586096034029, 'w_end': 0.30734509910171487, 'c1': 1.0557404952639973, 'c2': 1.529053822281726, 'penalty_coef': 926.3103092182289}
2026-04-05 03:28:32,385 - INFO - [K=3] Trial 3: 时间=18.58h, 10h率=32.0%, 40h率=86.0%, 耗时=90.3s
2026-04-05 03:28:32,445 - INFO - [K=3] Trial 4: 测试参数 {'H': 3, 'pop_size': 35, 'max_iter': 35, 'w_start': 0.9020993370291153, 'w_end': 0.20661481921067976, 'c1': 1.1172065368076607, 'c2': 1.6210796318145881, 'penalty_coef': 1600.3812343490033}
2026-04-05 03:31:43,838 - INFO - [K=3] Trial 4: 时间=17.21h, 10h率=36.0%, 40h率=94.0%, 耗时=191.3s
2026-04-05 03:31:43,838 - INFO - [K=3] 新的最佳值: 17.21h
2026-04-05 03:31:43,920 - INFO - [K=3] Trial 5: 测试参数 {'H': 3, 'pop_size': 25, 'max_iter': 15, 'w_start': 0.9273301005196954, 'w_end': 0.19057299356000593, 'c1': 1.7950267412247785, 'c2': 1.1740532913072932, 'penalty_coef': 1800.170052944527}
2026-04-05 03:32:54,267 - INFO - [K=3] Trial 5: 时间=17.41h, 10h率=34.0%, 40h率=94.0%, 耗时=70.3s
2026-04-05 03:32:54,340 - INFO - [K=3] Trial 6: 测试参数 {'H': 5, 'pop_size': 19, 'max_iter': 35, 'w_start': 0.8937832058402786, 'w_end': 0.42882462954746614, 'c1': 2.073792820513179, 'c2': 1.5174799745733023, 'penalty_coef': 2804.685587557792}
2026-04-05 03:34:40,285 - INFO - [K=3] Trial 6: 时间=17.51h, 10h率=36.0%, 40h率=90.0%, 耗时=105.9s
2026-04-05 03:34:40,336 - INFO - [K=3] Trial 7: 测试参数 {'H': 3, 'pop_size': 19, 'max_iter': 15, 'w_start': 0.7813325826908161, 'w_end': 0.2360370513913187, 'c1': 1.325618838128675, 'c2': 1.7944850109823152, 'penalty_coef': 1391.883316733973}
2026-04-05 03:35:32,217 - INFO - [K=3] Trial 7: 时间=16.28h, 10h率=34.0%, 40h率=88.0%, 耗时=51.7s
2026-04-05 03:35:32,217 - INFO - [K=3] 新的最佳值: 16.28h
2026-04-05 03:35:32,299 - INFO - [K=3] Trial 8: 测试参数 {'H': 4, 'pop_size': 25, 'max_iter': 17, 'w_start': 0.9005492451885099, 'w_end': 0.1260927252879198, 'c1': 2.1842643239206208, 'c2': 1.726693723155989, 'penalty_coef': 996.789203835431}
2026-04-05 03:36:44,360 - INFO - [K=3] Trial 8: 时间=17.52h, 10h率=38.0%, 40h率=88.0%, 耗时=72.0s
2026-04-05 03:36:44,416 - INFO - [K=3] Trial 9: 测试参数 {'H': 3, 'pop_size': 31, 'max_iter': 29, 'w_start': 0.8822517920102468, 'w_end': 0.369944621340081, 'c1': 1.0888535820809084, 'c2': 1.230158874253127, 'penalty_coef': 789.6726488128243}
2026-04-05 03:38:24,776 - INFO - [K=3] Trial 9: 时间=13.89h, 10h率=42.0%, 40h率=92.0%, 耗时=100.3s
2026-04-05 03:38:24,776 - INFO - [K=3] 新的最佳值: 13.89h
2026-04-05 03:38:24,850 - INFO - [K=3] Trial 10: 测试参数 {'H': 7, 'pop_size': 15, 'max_iter': 27, 'w_start': 0.7044904689037049, 'w_end': 0.36394835606164594, 'c1': 1.5031337346978515, 'c2': 1.9517248951345039, 'penalty_coef': 527.7859620567782}
2026-04-05 03:39:43,321 - INFO - [K=3] Trial 10: 时间=21.52h, 10h率=22.0%, 40h率=76.0%, 耗时=78.4s
2026-04-05 03:39:43,402 - INFO - [K=3] Trial 11: 测试参数 {'H': 3, 'pop_size': 19, 'max_iter': 27, 'w_start': 0.7734112086789255, 'w_end': 0.2474659761712102, 'c1': 1.435704602979739, 'c2': 1.3139499514282538, 'penalty_coef': 2048.834857833998}
2026-04-05 03:40:57,243 - INFO - [K=3] Trial 11: 时间=16.11h, 10h率=42.0%, 40h率=90.0%, 耗时=73.7s
2026-04-05 03:40:57,327 - INFO - [K=3] Trial 12: 测试参数 {'H': 3, 'pop_size': 21, 'max_iter': 27, 'w_start': 0.7535929088997027, 'w_end': 0.27030861772250014, 'c1': 1.6333346716360384, 'c2': 1.2672797817585646, 'penalty_coef': 2192.045145239037}
2026-04-05 03:42:09,652 - INFO - [K=3] Trial 12: 时间=14.67h, 10h率=44.0%, 40h率=96.0%, 耗时=72.3s
2026-04-05 03:42:09,723 - INFO - [K=3] Trial 13: 测试参数 {'H': 4, 'pop_size': 29, 'max_iter': 31, 'w_start': 0.7054494048367269, 'w_end': 0.33319683762124186, 'c1': 1.7301678578119377, 'c2': 1.3257562009893613, 'penalty_coef': 2273.443493539381}
2026-04-05 03:44:33,979 - INFO - [K=3] Trial 13: 时间=17.86h, 10h率=36.0%, 40h率=92.0%, 耗时=144.2s
2026-04-05 03:44:34,047 - INFO - [K=3] Trial 14: 测试参数 {'H': 6, 'pop_size': 21, 'max_iter': 23, 'w_start': 0.8611684213170213, 'w_end': 0.4436386573639567, 'c1': 1.7463099700487674, 'c2': 1.1056422950777018, 'penalty_coef': 2345.2458553155816}
2026-04-05 03:45:50,769 - INFO - [K=3] Trial 14: 时间=18.53h, 10h率=26.0%, 40h率=88.0%, 耗时=76.7s
2026-04-05 03:45:50,841 - INFO - [K=3] Trial 15: 测试参数 {'H': 3, 'pop_size': 31, 'max_iter': 31, 'w_start': 0.7413890703463444, 'w_end': 0.2794987190983985, 'c1': 1.9414259746591038, 'c2': 0.8584535862427484, 'penalty_coef': 508.42017032738784}
2026-04-05 03:48:26,677 - INFO - [K=3] Trial 15: 时间=16.95h, 10h率=32.0%, 40h率=96.0%, 耗时=155.7s
2026-04-05 03:48:26,837 - INFO - [K=3] Trial 16: 测试参数 {'H': 4, 'pop_size': 15, 'max_iter': 27, 'w_start': 0.809440074370726, 'w_end': 0.3765857262950811, 'c1': 1.5923639444783164, 'c2': 1.3937366586810505, 'penalty_coef': 1941.1126315409037}
2026-04-05 03:49:38,335 - INFO - [K=3] Trial 16: 时间=18.77h, 10h率=32.0%, 40h率=92.0%, 耗时=71.4s
2026-04-05 03:49:38,421 - INFO - [K=3] Trial 17: 测试参数 {'H': 5, 'pop_size': 23, 'max_iter': 23, 'w_start': 0.8681850757056425, 'w_end': 0.27039267391024857, 'c1': 1.4098601139225908, 'c2': 1.2300683417486504, 'penalty_coef': 2468.6181572518612}
2026-04-05 03:51:09,183 - INFO - [K=3] Trial 17: 时间=19.66h, 10h率=30.0%, 40h率=80.0%, 耗时=90.7s
2026-04-05 03:51:09,237 - INFO - [K=3] Trial 18: 测试参数 {'H': 6, 'pop_size': 29, 'max_iter': 29, 'w_start': 0.8057684496712697, 'w_end': 0.3391375974932924, 'c1': 1.610079758343155, 'c2': 0.9355470929742926, 'penalty_coef': 2948.9153607123308}
2026-04-05 03:53:31,529 - INFO - [K=3] Trial 18: 时间=20.49h, 10h率=18.0%, 40h率=86.0%, 耗时=142.3s
2026-04-05 03:53:31,590 - INFO - [K=3] Trial 19: 测试参数 {'H': 3, 'pop_size': 33, 'max_iter': 21, 'w_start': 0.7408741241752075, 'w_end': 0.4044735712772673, 'c1': 1.8953659717675213, 'c2': 1.4767696388257194, 'penalty_coef': 2085.497375803013}
2026-04-05 03:55:21,086 - INFO - [K=3] Trial 19: 时间=17.08h, 10h率=36.0%, 40h率=92.0%, 耗时=109.5s
2026-04-05 03:55:21,141 - INFO - [K=3] Trial 20: 测试参数 {'H': 7, 'pop_size': 27, 'max_iter': 33, 'w_start': 0.7376772379167942, 'w_end': 0.28405983038061533, 'c1': 1.6289949870793181, 'c2': 1.016705033625656, 'penalty_coef': 1191.111400088078}
2026-04-05 03:58:19,585 - INFO - [K=3] Trial 20: 时间=23.23h, 10h率=30.0%, 40h率=80.0%, 耗时=178.4s
2026-04-05 03:58:19,645 - INFO - [K=3] Trial 21: 测试参数 {'H': 3, 'pop_size': 19, 'max_iter': 27, 'w_start': 0.7685898377420859, 'w_end': 0.2319819112573212, 'c1': 1.4131221969819745, 'c2': 1.2936345104283415, 'penalty_coef': 2071.820399864666}
2026-04-05 03:59:30,501 - INFO - [K=3] Trial 21: 时间=15.68h, 10h率=40.0%, 40h率=94.0%, 耗时=70.8s
2026-04-05 03:59:30,570 - INFO - [K=3] Trial 22: 测试参数 {'H': 3, 'pop_size': 21, 'max_iter': 25, 'w_start': 0.7936187548465485, 'w_end': 0.21091733057584267, 'c1': 1.0282803539143681, 'c2': 1.2812719400881154, 'penalty_coef': 1711.0735370906436}
2026-04-05 04:00:56,743 - INFO - [K=3] Trial 22: 时间=16.90h, 10h率=32.0%, 40h率=98.0%, 耗时=86.1s
2026-04-05 04:00:56,801 - INFO - [K=3] Trial 23: 测试参数 {'H': 4, 'pop_size': 17, 'max_iter': 29, 'w_start': 0.756657841235719, 'w_end': 0.16598010407556085, 'c1': 1.3080973503369253, 'c2': 1.1076483820435852, 'penalty_coef': 2198.5546435220904}
2026-04-05 04:01:56,383 - INFO - [K=3] Trial 23: 时间=14.30h, 10h率=38.0%, 40h率=98.0%, 耗时=59.5s
2026-04-05 04:01:56,465 - INFO - [K=3] Trial 24: 测试参数 {'H': 4, 'pop_size': 17, 'max_iter': 29, 'w_start': 0.8325538228135113, 'w_end': 0.15554355768122016, 'c1': 1.283514270761575, 'c2': 1.089901848145739, 'penalty_coef': 2431.936513879493}
2026-04-05 04:03:02,761 - INFO - [K=3] Trial 24: 时间=16.24h, 10h率=36.0%, 40h率=98.0%, 耗时=66.3s
2026-04-05 04:03:02,817 - INFO - [K=3] Trial 25: 测试参数 {'H': 4, 'pop_size': 17, 'max_iter': 29, 'w_start': 0.7266569521042312, 'w_end': 0.10503787210264684, 'c1': 1.3157174045688753, 'c2': 1.4275018510199833, 'penalty_coef': 2672.200589604149}
2026-04-05 04:04:11,212 - INFO - [K=3] Trial 25: 时间=16.80h, 10h率=40.0%, 40h率=92.0%, 耗时=68.4s
2026-04-05 04:04:11,270 - INFO - [K=3] Trial 26: 测试参数 {'H': 4, 'pop_size': 23, 'max_iter': 25, 'w_start': 0.7589090016915838, 'w_end': 0.17255890722289122, 'c1': 1.5275238014637578, 'c2': 1.0076608168088164, 'penalty_coef': 732.1126901119263}
2026-04-05 04:05:43,608 - INFO - [K=3] Trial 26: 时间=16.60h, 10h率=38.0%, 40h率=92.0%, 耗时=92.3s
2026-04-05 04:05:43,673 - INFO - [K=3] Trial 27: 测试参数 {'H': 5, 'pop_size': 21, 'max_iter': 33, 'w_start': 0.8100609950400244, 'w_end': 0.3574219754800356, 'c1': 1.123384580452167, 'c2': 1.2099760627758098, 'penalty_coef': 2199.790710813654}
2026-04-05 04:07:28,922 - INFO - [K=3] Trial 27: 时间=18.14h, 10h率=38.0%, 40h率=90.0%, 耗时=105.2s
2026-04-05 04:07:28,981 - INFO - [K=3] Trial 28: 测试参数 {'H': 3, 'pop_size': 17, 'max_iter': 29, 'w_start': 0.8805990940516052, 'w_end': 0.25793075627313217, 'c1': 1.2473560037519331, 'c2': 1.3817577324905397, 'penalty_coef': 1909.0663144480882}
2026-04-05 04:08:36,133 - INFO - [K=3] Trial 28: 时间=15.70h, 10h率=42.0%, 40h率=94.0%, 耗时=67.1s
2026-04-05 04:08:36,211 - INFO - [K=3] Trial 29: 测试参数 {'H': 4, 'pop_size': 35, 'max_iter': 33, 'w_start': 0.8454130568610233, 'w_end': 0.14179348462877983, 'c1': 1.001396176480595, 'c2': 0.9539059220445307, 'penalty_coef': 2501.812726326343}
2026-04-05 04:11:15,449 - INFO - [K=3] Trial 29: 时间=16.35h, 10h率=36.0%, 40h率=92.0%, 耗时=159.2s
2026-04-05 04:11:15,515 - INFO - [K=3] Trial 30: 测试参数 {'H': 3, 'pop_size': 23, 'max_iter': 25, 'w_start': 0.7539989119333913, 'w_end': 0.3074078961715414, 'c1': 1.3646128678206835, 'c2': 1.0933520837687385, 'penalty_coef': 1632.6237741686784}
2026-04-05 04:12:40,029 - INFO - [K=3] Trial 30: 时间=15.22h, 10h率=46.0%, 40h率=90.0%, 耗时=84.5s
2026-04-05 04:12:40,098 - INFO - [K=3] Trial 31: 测试参数 {'H': 3, 'pop_size': 23, 'max_iter': 25, 'w_start': 0.7507680989969069, 'w_end': 0.29741821974837035, 'c1': 1.3749127624510376, 'c2': 1.087881451144886, 'penalty_coef': 1558.7348813996623}
2026-04-05 04:13:58,321 - INFO - [K=3] Trial 31: 时间=14.59h, 10h率=42.0%, 40h率=92.0%, 耗时=78.1s
2026-04-05 04:13:58,394 - INFO - [K=3] Trial 32: 测试参数 {'H': 3, 'pop_size': 27, 'max_iter': 31, 'w_start': 0.7259319316363574, 'w_end': 0.3261904599136145, 'c1': 1.2184731426297342, 'c2': 1.2137774970795359, 'penalty_coef': 1442.8813674357677}
2026-04-05 04:16:20,961 - INFO - [K=3] Trial 32: 时间=18.40h, 10h率=34.0%, 40h率=92.0%, 耗时=142.5s
2026-04-05 04:16:21,031 - INFO - [K=3] Trial 33: 测试参数 {'H': 4, 'pop_size': 21, 'max_iter': 27, 'w_start': 0.7929875858281569, 'w_end': 0.406623035882799, 'c1': 1.1764879436822004, 'c2': 0.9193368737488514, 'penalty_coef': 1240.4047742505988}
2026-04-05 04:17:48,673 - INFO - [K=3] Trial 33: 时间=17.55h, 10h率=26.0%, 40h率=92.0%, 耗时=87.6s
2026-04-05 04:17:48,729 - INFO - [K=3] Trial 34: 测试参数 {'H': 3, 'pop_size': 27, 'max_iter': 21, 'w_start': 0.949624171887355, 'w_end': 0.21531443725454336, 'c1': 1.4567770189823563, 'c2': 1.0953668932020173, 'penalty_coef': 837.089294646744}
2026-04-05 04:18:59,546 - INFO - [K=3] Trial 34: 时间=13.72h, 10h率=46.0%, 40h率=98.0%, 耗时=70.8s
2026-04-05 04:18:59,546 - INFO - [K=3] 新的最佳值: 13.72h
2026-04-05 04:18:59,623 - INFO - [K=3] Trial 35: 测试参数 {'H': 4, 'pop_size': 31, 'max_iter': 21, 'w_start': 0.9495895318015743, 'w_end': 0.17784724001373334, 'c1': 1.5092731016971523, 'c2': 0.814401747629484, 'penalty_coef': 740.137496141666}
2026-04-05 04:20:45,538 - INFO - [K=3] Trial 35: 时间=17.41h, 10h率=28.0%, 40h率=94.0%, 耗时=105.9s
2026-04-05 04:20:45,603 - INFO - [K=3] Trial 36: 测试参数 {'H': 3, 'pop_size': 27, 'max_iter': 21, 'w_start': 0.9298236453887718, 'w_end': 0.21253869438484826, 'c1': 1.1315848274557079, 'c2': 1.1368071517644387, 'penalty_coef': 1049.3428533171289}
2026-04-05 04:21:55,661 - INFO - [K=3] Trial 36: 时间=13.30h, 10h率=54.0%, 40h率=96.0%, 耗时=70.0s
2026-04-05 04:21:55,661 - INFO - [K=3] 新的最佳值: 13.30h
2026-04-05 04:21:55,728 - INFO - [K=3] Trial 37: 测试参数 {'H': 4, 'pop_size': 27, 'max_iter': 19, 'w_start': 0.9286542788535623, 'w_end': 0.21481772006226152, 'c1': 1.0907157154742975, 'c2': 1.1303567487323474, 'penalty_coef': 834.2119427497979}
2026-04-05 04:23:10,412 - INFO - [K=3] Trial 37: 时间=16.37h, 10h率=40.0%, 40h率=92.0%, 耗时=74.7s
2026-04-05 04:23:10,480 - INFO - [K=3] Trial 38: 测试参数 {'H': 3, 'pop_size': 29, 'max_iter': 19, 'w_start': 0.9157069902381654, 'w_end': 0.1968523902049494, 'c1': 1.1642537066490037, 'c2': 1.1639095033791735, 'penalty_coef': 1060.2998842019238}
2026-04-05 04:24:24,075 - INFO - [K=3] Trial 38: 时间=15.24h, 10h率=42.0%, 40h率=90.0%, 耗时=73.6s
2026-04-05 04:24:24,147 - INFO - [K=3] Trial 39: 测试参数 {'H': 5, 'pop_size': 33, 'max_iter': 21, 'w_start': 0.9282072542132455, 'w_end': 0.1651816640873403, 'c1': 1.079975407160576, 'c2': 1.0212918798171102, 'penalty_coef': 660.7670072251692}
2026-04-05 04:26:29,795 - INFO - [K=3] Trial 39: 时间=18.70h, 10h率=38.0%, 40h率=88.0%, 耗时=125.6s
2026-04-05 04:26:29,867 - INFO - [K=3] Trial 40: 测试参数 {'H': 3, 'pop_size': 27, 'max_iter': 17, 'w_start': 0.9087842331770819, 'w_end': 0.22273074425089254, 'c1': 1.2263954283605267, 'c2': 1.0208133864799749, 'penalty_coef': 1128.9815179899351}
2026-04-05 04:27:31,223 - INFO - [K=3] Trial 40: 时间=14.08h, 10h率=46.0%, 40h率=98.0%, 耗时=61.3s
2026-04-05 04:27:31,283 - INFO - [K=3] Trial 41: 测试参数 {'H': 3, 'pop_size': 27, 'max_iter': 17, 'w_start': 0.909566743081182, 'w_end': 0.22870416856195033, 'c1': 1.2115119104313767, 'c2': 1.036459015818521, 'penalty_coef': 1121.2406968774505}
2026-04-05 04:28:38,407 - INFO - [K=3] Trial 41: 时间=14.80h, 10h率=42.0%, 40h率=92.0%, 耗时=67.0s
2026-04-05 04:28:38,490 - INFO - [K=3] Trial 42: 测试参数 {'H': 3, 'pop_size': 25, 'max_iter': 17, 'w_start': 0.8871436376363286, 'w_end': 0.19172446321904638, 'c1': 1.1456479904094001, 'c2': 1.1832245054265003, 'penalty_coef': 891.6654554138493}
2026-04-05 04:29:47,670 - INFO - [K=3] Trial 42: 时间=16.08h, 10h率=42.0%, 40h率=94.0%, 耗时=69.1s
2026-04-05 04:29:47,746 - INFO - [K=3] Trial 43: 测试参数 {'H': 3, 'pop_size': 31, 'max_iter': 15, 'w_start': 0.9372409102005077, 'w_end': 0.13964824835888315, 'c1': 1.2819337175173882, 'c2': 1.0493123342954138, 'penalty_coef': 1300.2070537452805}
2026-04-05 04:31:13,283 - INFO - [K=3] Trial 43: 时间=16.65h, 10h率=34.0%, 40h率=94.0%, 耗时=85.5s
2026-04-05 04:31:13,341 - INFO - [K=3] Trial 44: 测试参数 {'H': 3, 'pop_size': 25, 'max_iter': 21, 'w_start': 0.917041374034851, 'w_end': 0.22088599730775316, 'c1': 1.4529273568449113, 'c2': 0.9628473128907359, 'penalty_coef': 1035.8450172927458}
2026-04-05 04:32:50,178 - INFO - [K=3] Trial 44: 时间=18.38h, 10h率=24.0%, 40h率=86.0%, 耗时=96.8s
2026-04-05 04:32:50,249 - INFO - [K=3] Trial 45: 测试参数 {'H': 4, 'pop_size': 33, 'max_iter': 23, 'w_start': 0.9383849676237961, 'w_end': 0.2487543846077463, 'c1': 1.0671972993856198, 'c2': 1.1467515475081982, 'penalty_coef': 611.8952699206874}
2026-04-05 04:34:43,441 - INFO - [K=3] Trial 45: 时间=17.16h, 10h率=32.0%, 40h率=90.0%, 耗时=113.1s
2026-04-05 04:34:43,510 - INFO - [K=3] Trial 46: 测试参数 {'H': 3, 'pop_size': 27, 'max_iter': 19, 'w_start': 0.8949537752001522, 'w_end': 0.20158018358141588, 'c1': 1.2426263715819446, 'c2': 0.8917071275514381, 'penalty_coef': 836.0056865981069}
2026-04-05 04:36:01,912 - INFO - [K=3] Trial 46: 时间=17.35h, 10h率=40.0%, 40h率=90.0%, 耗时=78.4s
2026-04-05 04:36:01,974 - INFO - [K=3] Trial 47: 测试参数 {'H': 3, 'pop_size': 29, 'max_iter': 17, 'w_start': 0.8747052209824265, 'w_end': 0.2421160395566777, 'c1': 1.3258660717521125, 'c2': 0.9755279018937423, 'penalty_coef': 985.9505397870087}
2026-04-05 04:37:28,186 - INFO - [K=3] Trial 47: 时间=17.88h, 10h率=32.0%, 40h率=92.0%, 耗时=86.2s
2026-04-05 04:37:28,242 - INFO - [K=3] Trial 48: 测试参数 {'H': 4, 'pop_size': 29, 'max_iter': 23, 'w_start': 0.9491668136760885, 'w_end': 0.18644111154416332, 'c1': 1.1340082140655794, 'c2': 1.3392065307546681, 'penalty_coef': 1481.6710577501403}
2026-04-05 04:38:52,439 - INFO - [K=3] Trial 48: 时间=14.72h, 10h率=42.0%, 40h率=90.0%, 耗时=84.2s
2026-04-05 04:38:52,500 - INFO - [K=3] Trial 49: 测试参数 {'H': 3, 'pop_size': 25, 'max_iter': 15, 'w_start': 0.9051218585449581, 'w_end': 0.16060453274667058, 'c1': 1.1961154290493814, 'c2': 1.600016032493997, 'penalty_coef': 1313.6916643219715}
2026-04-05 04:39:59,940 - INFO - [K=3] Trial 49: 时间=16.98h, 10h率=42.0%, 40h率=94.0%, 耗时=67.4s
2026-04-05 04:39:59,980 - INFO - 结果已保存到: results_K3
2026-04-05 04:39:59,980 - INFO - 
============================================================
2026-04-05 04:39:59,980 - INFO - [K=3] CC-MPSO调参完成！最佳结果
2026-04-05 04:39:59,980 - INFO - ============================================================
2026-04-05 04:39:59,981 - INFO - 最佳平均发现时间: 13.30 小时
2026-04-05 04:39:59,981 - INFO - 
最佳参数组合:
2026-04-05 04:39:59,982 - INFO -   H = 3
2026-04-05 04:39:59,982 - INFO -   pop_size = 27
2026-04-05 04:39:59,982 - INFO -   max_iter = 21
2026-04-05 04:39:59,982 - INFO -   w_start = 0.9298236453887718
2026-04-05 04:39:59,982 - INFO -   w_end = 0.21253869438484826
2026-04-05 04:39:59,982 - INFO -   c1 = 1.1315848274557079
2026-04-05 04:39:59,982 - INFO -   c2 = 1.1368071517644387
2026-04-05 04:39:59,982 - INFO -   penalty_coef = 1049.3428533171289
