2026-04-05 00:15:30,178 - INFO - 搜索空间: {'H': {'type': 'int', 'low': 4, 'high': 7, 'step': 1}, 'pop_size': {'type': 'int', 'low': 18, 'high': 38, 'step': 2}, 'max_iter': {'type': 'int', 'low': 22, 'high': 42, 'step': 2}, 'w_start': {'type': 'float', 'low': 0.7, 'high': 0.95}, 'w_end': {'type': 'float', 'low': 0.1, 'high': 0.4}, 'c1': {'type': 'float', 'low': 1.0, 'high': 2.2}, 'c2': {'type': 'float', 'low': 0.8, 'high': 2.0}, 'penalty_coef': {'type': 'float', 'low': 100, 'high': 1500}}
2026-04-05 00:15:30,939 - INFO - 开始优化 K=3 - 试验次数: 50
2026-04-05 00:15:31,020 - INFO - [K=3] Trial 0: 测试参数 {'H': 5, 'pop_size': 38, 'max_iter': 38, 'w_start': 0.8496646210492591, 'w_end': 0.14680559213273098, 'c1': 1.1871934244034432, 'c2': 0.8697003346018394, 'penalty_coef': 1312.6466040849093}
2026-04-05 00:22:17,898 - INFO - [K=3] Trial 0: 时间=16.80h, 10h率=40.0%, 耗时=406.8s
2026-04-05 00:22:17,898 - INFO - [K=3] 新的最佳值: 16.80h
2026-04-05 00:22:18,009 - INFO - [K=3] Trial 1: 测试参数 {'H': 6, 'pop_size': 32, 'max_iter': 22, 'w_start': 0.9424774630404985, 'w_end': 0.34973279224012654, 'c1': 1.2548069328139313, 'c2': 1.0181899606485207, 'penalty_coef': 356.76631379480733}
2026-04-05 00:26:11,577 - INFO - [K=3] Trial 1: 时间=19.94h, 10h率=24.0%, 耗时=233.6s
2026-04-05 00:26:11,654 - INFO - [K=3] Trial 2: 测试参数 {'H': 5, 'pop_size': 28, 'max_iter': 30, 'w_start': 0.7728072850495105, 'w_end': 0.2835558684167139, 'c1': 1.1673926327824502, 'c2': 1.1505735782422617, 'penalty_coef': 612.9065806111684}
2026-04-05 00:30:42,509 - INFO - [K=3] Trial 2: 时间=18.77h, 10h率=26.0%, 耗时=270.8s
2026-04-05 00:30:42,587 - INFO - [K=3] Trial 3: 测试参数 {'H': 5, 'pop_size': 34, 'max_iter': 26, 'w_start': 0.8285586096034029, 'w_end': 0.2777243706586128, 'c1': 1.0557404952639973, 'c2': 1.529053822281726, 'penalty_coef': 338.73377316220814}
2026-04-05 00:35:00,703 - INFO - [K=3] Trial 3: 时间=17.24h, 10h率=44.0%, 耗时=258.1s
2026-04-05 00:35:00,776 - INFO - [K=3] Trial 4: 测试参数 {'H': 4, 'pop_size': 38, 'max_iter': 42, 'w_start': 0.9020993370291153, 'w_end': 0.19138413075201122, 'c1': 1.1172065368076607, 'c2': 1.6210796318145881, 'penalty_coef': 716.2134912354418}
2026-04-05 00:41:10,342 - INFO - [K=3] Trial 4: 时间=15.90h, 10h率=42.0%, 耗时=369.5s
2026-04-05 00:41:10,342 - INFO - [K=3] 新的最佳值: 15.90h
2026-04-05 00:41:10,421 - INFO - [K=3] Trial 5: 测试参数 {'H': 4, 'pop_size': 28, 'max_iter': 22, 'w_start': 0.9273301005196954, 'w_end': 0.1776339944800051, 'c1': 1.7950267412247785, 'c2': 1.1740532913072932, 'penalty_coef': 828.0952296489352}
2026-04-05 00:43:56,311 - INFO - [K=3] Trial 5: 时间=15.96h, 10h率=38.0%, 耗时=165.9s
2026-04-05 00:43:56,387 - INFO - [K=3] Trial 6: 测试参数 {'H': 6, 'pop_size': 22, 'max_iter': 42, 'w_start': 0.8937832058402786, 'w_end': 0.38184968246925677, 'c1': 2.073792820513179, 'c2': 1.5174799745733023, 'penalty_coef': 1390.6239290323635}
2026-04-05 00:49:19,842 - INFO - [K=3] Trial 6: 时间=20.01h, 10h率=32.0%, 耗时=323.4s
2026-04-05 00:49:19,928 - INFO - [K=3] Trial 7: 测试参数 {'H': 4, 'pop_size': 22, 'max_iter': 22, 'w_start': 0.7813325826908161, 'w_end': 0.21660318690684463, 'c1': 1.325618838128675, 'c2': 1.7944850109823152, 'penalty_coef': 599.454657371025}
2026-04-05 00:51:46,366 - INFO - [K=3] Trial 7: 时间=16.62h, 10h率=38.0%, 耗时=146.4s
2026-04-05 00:51:46,447 - INFO - [K=3] Trial 8: 测试参数 {'H': 5, 'pop_size': 28, 'max_iter': 24, 'w_start': 0.9005492451885099, 'w_end': 0.12236519310393126, 'c1': 2.1842643239206208, 'c2': 1.726693723155989, 'penalty_coef': 378.2019541478414}
2026-04-05 00:54:31,624 - INFO - [K=3] Trial 8: 时间=15.22h, 10h率=40.0%, 耗时=165.2s
2026-04-05 00:54:31,624 - INFO - [K=3] 新的最佳值: 15.22h
2026-04-05 00:54:31,708 - INFO - [K=3] Trial 9: 测试参数 {'H': 4, 'pop_size': 34, 'max_iter': 36, 'w_start': 0.8822517920102468, 'w_end': 0.3313811040057838, 'c1': 1.0888535820809084, 'c2': 1.230158874253127, 'penalty_coef': 262.2166833351816}
2026-04-05 00:59:50,225 - INFO - [K=3] Trial 9: 时间=15.88h, 10h率=46.0%, 耗时=318.5s
2026-04-05 00:59:50,315 - INFO - [K=3] Trial 10: 测试参数 {'H': 7, 'pop_size': 18, 'max_iter': 30, 'w_start': 0.7044904689037049, 'w_end': 0.10437010235018591, 'c1': 2.0891977543390214, 'c2': 1.9589598982775598, 'penalty_coef': 1046.984986596251}
2026-04-05 01:03:14,532 - INFO - [K=3] Trial 10: 时间=20.26h, 10h率=26.0%, 耗时=204.2s
2026-04-05 01:03:14,622 - INFO - [K=3] Trial 11: 测试参数 {'H': 4, 'pop_size': 30, 'max_iter': 36, 'w_start': 0.8693011036859852, 'w_end': 0.31161802564452173, 'c1': 1.5575385693957464, 'c2': 1.3139499514282538, 'penalty_coef': 121.9104487983565}
2026-04-05 01:08:34,577 - INFO - [K=3] Trial 11: 时间=16.99h, 10h率=42.0%, 耗时=319.8s
2026-04-05 01:08:34,687 - INFO - [K=3] Trial 12: 测试参数 {'H': 5, 'pop_size': 26, 'max_iter': 34, 'w_start': 0.8817853240569546, 'w_end': 0.23718306365206293, 'c1': 1.8274439213447704, 'c2': 1.7427487805629462, 'penalty_coef': 170.49253054730914}
2026-04-05 01:09:30,595 - INFO - 用户中断优化
2026-04-05 01:09:30,734 - INFO - 结果已保存到: results_K3
2026-04-05 01:09:30,738 - INFO - 
============================================================
2026-04-05 01:09:30,738 - INFO - [K=3] 调参完成！最佳结果
2026-04-05 01:09:30,738 - INFO - ============================================================
2026-04-05 01:09:30,740 - INFO - 最佳平均发现时间: 15.22 小时
2026-04-05 01:09:30,740 - INFO - 
最佳参数组合:
2026-04-05 01:09:30,741 - INFO -   H = 5
2026-04-05 01:09:30,741 - INFO -   pop_size = 28
2026-04-05 01:09:30,741 - INFO -   max_iter = 24
2026-04-05 01:09:30,741 - INFO -   w_start = 0.9005492451885099
2026-04-05 01:09:30,741 - INFO -   w_end = 0.12236519310393126
2026-04-05 01:09:30,741 - INFO -   c1 = 2.1842643239206208
2026-04-05 01:09:30,742 - INFO -   c2 = 1.726693723155989
2026-04-05 01:09:30,742 - INFO -   penalty_coef = 378.2019541478414
