2026-04-04 00:05:20,393 - INFO - 测试模拟器...
2026-04-04 00:05:21,301 - INFO - 测试仿真成功，发现步数: 40
2026-04-04 00:05:22,068 - INFO - 开始优化 - 试验次数: 50
2026-04-04 00:05:22,154 - INFO - [master] Trial 0: 测试参数 {'H': 5, 'pop_size': 20, 'max_iter': 23, 'w_start': 0.8496646210492591, 'w_end': 0.24680559213273096, 'c1': 1.1559945203362028, 'c2': 1.0580836121681996, 'penalty_coef': 2665.440364437338}
2026-04-04 00:07:42,271 - INFO - [master] Trial 0: 时间=10.22h, 10h率=60.0%, 耗时=140.1s
2026-04-04 00:07:42,272 - INFO - [master] 新的最佳值: 10.22h
2026-04-04 00:07:42,433 - INFO - [master] Trial 1: 测试参数 {'H': 7, 'pop_size': 17, 'max_iter': 15, 'w_start': 0.9424774630404985, 'w_end': 0.4497327922401265, 'c1': 1.2123391106782762, 'c2': 1.1818249672071006, 'penalty_coef': 958.5112746335845}
2026-04-04 00:09:26,375 - INFO - [master] Trial 1: 时间=12.80h, 10h率=46.7%, 耗时=103.9s
2026-04-04 00:09:26,544 - INFO - [master] Trial 2: 测试参数 {'H': 5, 'pop_size': 15, 'max_iter': 19, 'w_start': 0.7728072850495105, 'w_end': 0.38355586841671385, 'c1': 1.139493860652042, 'c2': 1.2921446485352182, 'penalty_coef': 1415.9046082342293}
2026-04-04 00:11:05,992 - INFO - 用户中断优化
2026-04-04 00:11:06,005 - INFO - 结果已保存到: results_master
2026-04-04 00:11:06,005 - INFO - 
============================================================
2026-04-04 00:11:06,005 - INFO - [master] 调参完成！最佳结果
2026-04-04 00:11:06,006 - INFO - ============================================================
2026-04-04 00:11:06,007 - INFO - 最佳平均发现时间: 10.22 小时
2026-04-04 00:11:06,007 - INFO - 
最佳参数组合:
2026-04-04 00:11:06,009 - INFO -   H = 5
2026-04-04 00:11:06,009 - INFO -   pop_size = 20
2026-04-04 00:11:06,009 - INFO -   max_iter = 23
2026-04-04 00:11:06,009 - INFO -   w_start = 0.8496646210492591
2026-04-04 00:11:06,009 - INFO -   w_end = 0.24680559213273096
2026-04-04 00:11:06,009 - INFO -   c1 = 1.1559945203362028
2026-04-04 00:11:06,009 - INFO -   c2 = 1.0580836121681996
2026-04-04 00:11:06,009 - INFO -   penalty_coef = 2665.440364437338
2026-04-04 00:11:06,009 - INFO - 
master 调参完成！
