2026-04-03 23:45:21,507 - INFO - 初始化模拟器...
2026-04-03 23:45:22,589 - INFO - 开始优化 - 试验次数: 20
2026-04-03 23:45:22,643 - INFO - [master] Trial 0: 测试参数 {'H': 6, 'penalty_coef': 2876.7857660247905}
2026-04-03 23:45:31,143 - INFO - [master] Trial 0: 时间=30.90h, 10h率=8.0%, 耗时=8.5s
2026-04-03 23:45:31,143 - INFO - [master] 新的最佳值: 30.90h
2026-04-03 23:45:31,299 - INFO - [master] Trial 1: 测试参数 {'H': 9, 'penalty_coef': 1996.6462104925915}
2026-04-03 23:45:39,590 - INFO - [master] Trial 1: 时间=29.35h, 10h率=16.0%, 耗时=8.3s
2026-04-03 23:45:39,590 - INFO - [master] 新的最佳值: 29.35h
2026-04-03 23:45:39,645 - INFO - [master] Trial 2: 测试参数 {'H': 5, 'penalty_coef': 889.9863008405066}
2026-04-03 23:45:47,484 - INFO - [master] Trial 2: 时间=27.20h, 10h率=20.0%, 耗时=7.8s
2026-04-03 23:45:47,484 - INFO - [master] 新的最佳值: 27.20h
2026-04-03 23:45:47,540 - INFO - [master] Trial 3: 测试参数 {'H': 4, 'penalty_coef': 2665.440364437338}
2026-04-03 23:45:55,324 - INFO - 用户中断优化
2026-04-03 23:45:55,339 - INFO - 结果已保存到: results_master
2026-04-03 23:45:55,339 - INFO - 
============================================================
2026-04-03 23:45:55,339 - INFO - [master] 调参完成！最佳结果
2026-04-03 23:45:55,339 - INFO - ============================================================
2026-04-03 23:45:55,341 - INFO - 最佳平均发现时间: 27.20 小时
2026-04-03 23:45:55,341 - INFO - 
最佳参数组合:
2026-04-03 23:45:55,343 - INFO -   H = 5
2026-04-03 23:45:55,343 - INFO -   penalty_coef = 889.9863008405066
2026-04-03 23:45:55,343 - INFO - 
master 调参完成！
