2026-04-03 23:48:41,021 - INFO - 初始化模拟器...
2026-04-03 23:48:42,147 - INFO - 开始优化 - 试验次数: 20
2026-04-03 23:48:42,220 - INFO - [master] Trial 0: 测试参数 {'H': 6, 'penalty_coef': 2876.7857660247905}
2026-04-03 23:48:51,391 - INFO - [master] Trial 0: 时间=27.47h, 10h率=16.0%, 耗时=9.1s
2026-04-03 23:48:51,391 - INFO - [master] 新的最佳值: 27.47h
2026-04-03 23:48:51,595 - INFO - [master] Trial 1: 测试参数 {'H': 9, 'penalty_coef': 1996.6462104925915}
2026-04-03 23:49:01,563 - INFO - [master] Trial 1: 时间=31.65h, 10h率=8.0%, 耗时=10.0s
2026-04-03 23:49:01,610 - INFO - [master] Trial 2: 测试参数 {'H': 5, 'penalty_coef': 889.9863008405066}
2026-04-03 23:49:09,342 - INFO - [master] Trial 2: 时间=27.01h, 10h率=24.0%, 耗时=7.7s
2026-04-03 23:49:09,342 - INFO - [master] 新的最佳值: 27.01h
2026-04-03 23:49:09,397 - INFO - [master] Trial 3: 测试参数 {'H': 4, 'penalty_coef': 2665.440364437338}
2026-04-03 23:49:17,146 - INFO - [master] Trial 3: 时间=26.71h, 10h率=10.0%, 耗时=7.7s
2026-04-03 23:49:17,146 - INFO - [master] 新的最佳值: 26.71h
2026-04-03 23:49:17,200 - INFO - [master] Trial 4: 测试参数 {'H': 8, 'penalty_coef': 2270.181444490114}
2026-04-03 23:49:26,155 - INFO - [master] Trial 4: 时间=29.54h, 10h率=6.0%, 耗时=8.9s
2026-04-03 23:49:26,212 - INFO - [master] Trial 5: 测试参数 {'H': 4, 'penalty_coef': 2924.7746304049856}
2026-04-03 23:49:35,737 - INFO - [master] Trial 5: 时间=28.03h, 10h率=16.0%, 耗时=9.5s
2026-04-03 23:49:35,797 - INFO - [master] Trial 6: 测试参数 {'H': 9, 'penalty_coef': 1030.8477766956903}
2026-04-03 23:49:45,363 - INFO - [master] Trial 6: 时间=27.83h, 10h率=22.0%, 耗时=9.5s
2026-04-03 23:49:45,416 - INFO - [master] Trial 7: 测试参数 {'H': 5, 'penalty_coef': 958.5112746335845}
2026-04-03 23:49:54,119 - INFO - [master] Trial 7: 时间=28.56h, 10h率=26.0%, 耗时=8.7s
2026-04-03 23:49:54,162 - INFO - [master] Trial 8: 测试参数 {'H': 6, 'penalty_coef': 1811.8910790805946}
2026-04-03 23:50:02,801 - INFO - [master] Trial 8: 时间=31.13h, 10h率=10.0%, 耗时=8.6s
2026-04-03 23:50:02,846 - INFO - [master] Trial 9: 测试参数 {'H': 7, 'penalty_coef': 1228.0728504951048}
2026-04-03 23:50:11,018 - INFO - [master] Trial 9: 时间=28.09h, 10h率=18.0%, 耗时=8.2s
2026-04-03 23:50:11,066 - INFO - [master] Trial 10: 测试参数 {'H': 4, 'penalty_coef': 2442.8254648154107}
2026-04-03 23:50:19,049 - INFO - [master] Trial 10: 时间=27.29h, 10h率=16.0%, 耗时=8.0s
2026-04-03 23:50:19,096 - INFO - [master] Trial 11: 测试参数 {'H': 5, 'penalty_coef': 564.0257365717479}
2026-04-03 23:50:26,829 - INFO - [master] Trial 11: 时间=25.37h, 10h率=22.0%, 耗时=7.7s
2026-04-03 23:50:26,830 - INFO - [master] 新的最佳值: 25.37h
2026-04-03 23:50:26,887 - INFO - [master] Trial 12: 测试参数 {'H': 4, 'penalty_coef': 1434.442149628409}
2026-04-03 23:50:38,153 - INFO - [master] Trial 12: 时间=28.36h, 10h率=12.0%, 耗时=11.2s
2026-04-03 23:50:38,210 - INFO - [master] Trial 13: 测试参数 {'H': 5, 'penalty_coef': 603.4540444207694}
2026-04-03 23:50:47,759 - INFO - [master] Trial 13: 时间=23.63h, 10h率=28.0%, 耗时=9.5s
2026-04-03 23:50:47,760 - INFO - [master] 新的最佳值: 23.63h
2026-04-03 23:50:47,841 - INFO - [master] Trial 14: 测试参数 {'H': 6, 'penalty_coef': 516.9491032318764}
2026-04-03 23:50:57,941 - INFO - [master] Trial 14: 时间=27.97h, 10h率=14.0%, 耗时=10.1s
2026-04-03 23:50:58,005 - INFO - [master] Trial 15: 测试参数 {'H': 7, 'penalty_coef': 512.3747208979839}
2026-04-03 23:51:07,151 - INFO - [master] Trial 15: 时间=29.58h, 10h率=12.0%, 耗时=9.1s
2026-04-03 23:51:07,199 - INFO - [master] Trial 16: 测试参数 {'H': 5, 'penalty_coef': 1411.4746478723337}
2026-04-03 23:51:14,813 - INFO - [master] Trial 16: 时间=26.01h, 10h率=22.0%, 耗时=7.6s
2026-04-03 23:51:14,861 - INFO - [master] Trial 17: 测试参数 {'H': 5, 'penalty_coef': 726.0210026351413}
2026-04-03 23:51:22,726 - INFO - [master] Trial 17: 时间=27.36h, 10h率=20.0%, 耗时=7.8s
2026-04-03 23:51:22,774 - INFO - [master] Trial 18: 测试参数 {'H': 10, 'penalty_coef': 1285.4246230113959}
2026-04-03 23:51:30,976 - INFO - [master] Trial 18: 时间=30.30h, 10h率=10.0%, 耗时=8.2s
2026-04-03 23:51:31,023 - INFO - [master] Trial 19: 测试参数 {'H': 6, 'penalty_coef': 1614.980957615037}
2026-04-03 23:51:39,449 - INFO - [master] Trial 19: 时间=29.96h, 10h率=14.0%, 耗时=8.4s
2026-04-03 23:51:39,495 - INFO - 结果已保存到: results_master
2026-04-03 23:51:39,496 - INFO - 
============================================================
2026-04-03 23:51:39,496 - INFO - [master] 调参完成！最佳结果
2026-04-03 23:51:39,496 - INFO - ============================================================
2026-04-03 23:51:39,497 - INFO - 最佳平均发现时间: 23.63 小时
2026-04-03 23:51:39,497 - INFO - 
最佳参数组合:
2026-04-03 23:51:39,499 - INFO -   H = 5
2026-04-03 23:51:39,499 - INFO -   penalty_coef = 603.4540444207694
2026-04-03 23:51:39,499 - INFO - 
master 调参完成！
